ERROR::2022-09-11 02:44:01,948::Internal Server Error: /admin/news/category/::/home/sergey/SkillFactory/NewsPortal/venv/lib/python3.9/site-packages/django/utils/log.py::(<class 'django.db.utils.OperationalError'>, OperationalError('no such column: news_category.name_en_us'), <traceback object at 0x7f946c09b740>)
Traceback (most recent call last):
  File "/home/sergey/SkillFactory/NewsPortal/venv/lib/python3.9/site-packages/django/db/backends/utils.py", line 89, in _execute
    return self.cursor.execute(sql, params)
  File "/home/sergey/SkillFactory/NewsPortal/venv/lib/python3.9/site-packages/django/db/backends/sqlite3/base.py", line 357, in execute
    return Database.Cursor.execute(self, query, params)
sqlite3.OperationalError: no such column: news_category.name_en_us

The above exception was the direct cause of the following exception:

Traceback (most recent call last):
  File "/home/sergey/SkillFactory/NewsPortal/venv/lib/python3.9/site-packages/django/core/handlers/exception.py", line 55, in inner
    response = get_response(request)
  File "/home/sergey/SkillFactory/NewsPortal/venv/lib/python3.9/site-packages/django/core/handlers/base.py", line 197, in _get_response
    response = wrapped_callback(request, *callback_args, **callback_kwargs)
  File "/home/sergey/SkillFactory/NewsPortal/venv/lib/python3.9/site-packages/django/contrib/admin/options.py", line 686, in wrapper
    return self.admin_site.admin_view(view)(*args, **kwargs)
  File "/home/sergey/SkillFactory/NewsPortal/venv/lib/python3.9/site-packages/django/utils/decorators.py", line 133, in _wrapped_view
    response = view_func(request, *args, **kwargs)
  File "/home/sergey/SkillFactory/NewsPortal/venv/lib/python3.9/site-packages/django/views/decorators/cache.py", line 62, in _wrapped_view_func
    response = view_func(request, *args, **kwargs)
  File "/home/sergey/SkillFactory/NewsPortal/venv/lib/python3.9/site-packages/django/contrib/admin/sites.py", line 242, in inner
    return view(request, *args, **kwargs)
  File "/home/sergey/SkillFactory/NewsPortal/venv/lib/python3.9/site-packages/django/utils/decorators.py", line 46, in _wrapper
    return bound_method(*args, **kwargs)
  File "/home/sergey/SkillFactory/NewsPortal/venv/lib/python3.9/site-packages/django/utils/decorators.py", line 133, in _wrapped_view
    response = view_func(request, *args, **kwargs)
  File "/home/sergey/SkillFactory/NewsPortal/venv/lib/python3.9/site-packages/django/contrib/admin/options.py", line 2068, in changelist_view
    "selection_note": _("0 of %(cnt)s selected") % {"cnt": len(cl.result_list)},
  File "/home/sergey/SkillFactory/NewsPortal/venv/lib/python3.9/site-packages/django/db/models/query.py", line 376, in __len__
    self._fetch_all()
  File "/home/sergey/SkillFactory/NewsPortal/venv/lib/python3.9/site-packages/django/db/models/query.py", line 1866, in _fetch_all
    self._result_cache = list(self._iterable_class(self))
  File "/home/sergey/SkillFactory/NewsPortal/venv/lib/python3.9/site-packages/django/db/models/query.py", line 87, in __iter__
    results = compiler.execute_sql(
  File "/home/sergey/SkillFactory/NewsPortal/venv/lib/python3.9/site-packages/django/db/models/sql/compiler.py", line 1395, in execute_sql
    cursor.execute(sql, params)
  File "/home/sergey/SkillFactory/NewsPortal/venv/lib/python3.9/site-packages/debug_toolbar/panels/sql/tracking.py", line 230, in execute
    return self._record(self.cursor.execute, sql, params)
  File "/home/sergey/SkillFactory/NewsPortal/venv/lib/python3.9/site-packages/debug_toolbar/panels/sql/tracking.py", line 154, in _record
    return method(sql, params)
  File "/home/sergey/SkillFactory/NewsPortal/venv/lib/python3.9/site-packages/django/db/backends/utils.py", line 103, in execute
    return super().execute(sql, params)
  File "/home/sergey/SkillFactory/NewsPortal/venv/lib/python3.9/site-packages/django/db/backends/utils.py", line 67, in execute
    return self._execute_with_wrappers(
  File "/home/sergey/SkillFactory/NewsPortal/venv/lib/python3.9/site-packages/django/db/backends/utils.py", line 80, in _execute_with_wrappers
    return executor(sql, params, many, context)
  File "/home/sergey/SkillFactory/NewsPortal/venv/lib/python3.9/site-packages/django/db/backends/utils.py", line 89, in _execute
    return self.cursor.execute(sql, params)
  File "/home/sergey/SkillFactory/NewsPortal/venv/lib/python3.9/site-packages/django/db/utils.py", line 91, in __exit__
    raise dj_exc_value.with_traceback(traceback) from exc_value
  File "/home/sergey/SkillFactory/NewsPortal/venv/lib/python3.9/site-packages/django/db/backends/utils.py", line 89, in _execute
    return self.cursor.execute(sql, params)
  File "/home/sergey/SkillFactory/NewsPortal/venv/lib/python3.9/site-packages/django/db/backends/sqlite3/base.py", line 357, in execute
    return Database.Cursor.execute(self, query, params)
django.db.utils.OperationalError: no such column: news_category.name_en_us
ERROR::2022-09-11 02:44:02,085::"GET /admin/news/category/ HTTP/1.1" 500 194503::/home/sergey/SkillFactory/NewsPortal/venv/lib/python3.9/site-packages/django/core/servers/basehttp.py::None
ERROR::2022-09-11 02:44:12,416::Internal Server Error: /::/home/sergey/SkillFactory/NewsPortal/venv/lib/python3.9/site-packages/django/utils/log.py::(<class 'django.db.utils.OperationalError'>, OperationalError('no such column: news_category.name_en_us'), <traceback object at 0x7f9467eb3f80>)
Traceback (most recent call last):
  File "/home/sergey/SkillFactory/NewsPortal/venv/lib/python3.9/site-packages/django/db/backends/utils.py", line 89, in _execute
    return self.cursor.execute(sql, params)
  File "/home/sergey/SkillFactory/NewsPortal/venv/lib/python3.9/site-packages/django/db/backends/sqlite3/base.py", line 357, in execute
    return Database.Cursor.execute(self, query, params)
sqlite3.OperationalError: no such column: news_category.name_en_us

The above exception was the direct cause of the following exception:

Traceback (most recent call last):
  File "/home/sergey/SkillFactory/NewsPortal/venv/lib/python3.9/site-packages/django/core/handlers/exception.py", line 55, in inner
    response = get_response(request)
  File "/home/sergey/SkillFactory/NewsPortal/venv/lib/python3.9/site-packages/django/core/handlers/base.py", line 220, in _get_response
    response = response.render()
  File "/home/sergey/SkillFactory/NewsPortal/venv/lib/python3.9/site-packages/django/template/response.py", line 114, in render
    self.content = self.rendered_content
  File "/home/sergey/SkillFactory/NewsPortal/venv/lib/python3.9/site-packages/django/template/response.py", line 92, in rendered_content
    return template.render(context, self._request)
  File "/home/sergey/SkillFactory/NewsPortal/venv/lib/python3.9/site-packages/django/template/backends/django.py", line 62, in render
    return self.template.render(context)
  File "/home/sergey/SkillFactory/NewsPortal/venv/lib/python3.9/site-packages/django/template/base.py", line 175, in render
    return self._render(context)
  File "/home/sergey/SkillFactory/NewsPortal/venv/lib/python3.9/site-packages/django/test/utils.py", line 111, in instrumented_test_render
    return self.nodelist.render(context)
  File "/home/sergey/SkillFactory/NewsPortal/venv/lib/python3.9/site-packages/django/template/base.py", line 1005, in render
    return SafeString("".join([node.render_annotated(context) for node in self]))
  File "/home/sergey/SkillFactory/NewsPortal/venv/lib/python3.9/site-packages/django/template/base.py", line 1005, in <listcomp>
    return SafeString("".join([node.render_annotated(context) for node in self]))
  File "/home/sergey/SkillFactory/NewsPortal/venv/lib/python3.9/site-packages/django/template/base.py", line 966, in render_annotated
    return self.render(context)
  File "/home/sergey/SkillFactory/NewsPortal/venv/lib/python3.9/site-packages/django/template/loader_tags.py", line 157, in render
    return compiled_parent._render(context)
  File "/home/sergey/SkillFactory/NewsPortal/venv/lib/python3.9/site-packages/django/test/utils.py", line 111, in instrumented_test_render
    return self.nodelist.render(context)
  File "/home/sergey/SkillFactory/NewsPortal/venv/lib/python3.9/site-packages/django/template/base.py", line 1005, in render
    return SafeString("".join([node.render_annotated(context) for node in self]))
  File "/home/sergey/SkillFactory/NewsPortal/venv/lib/python3.9/site-packages/django/template/base.py", line 1005, in <listcomp>
    return SafeString("".join([node.render_annotated(context) for node in self]))
  File "/home/sergey/SkillFactory/NewsPortal/venv/lib/python3.9/site-packages/django/template/base.py", line 966, in render_annotated
    return self.render(context)
  File "/home/sergey/SkillFactory/NewsPortal/venv/lib/python3.9/site-packages/django/template/loader_tags.py", line 208, in render
    return template.render(context)
  File "/home/sergey/SkillFactory/NewsPortal/venv/lib/python3.9/site-packages/django/template/base.py", line 177, in render
    return self._render(context)
  File "/home/sergey/SkillFactory/NewsPortal/venv/lib/python3.9/site-packages/django/test/utils.py", line 111, in instrumented_test_render
    return self.nodelist.render(context)
  File "/home/sergey/SkillFactory/NewsPortal/venv/lib/python3.9/site-packages/django/template/base.py", line 1005, in render
    return SafeString("".join([node.render_annotated(context) for node in self]))
  File "/home/sergey/SkillFactory/NewsPortal/venv/lib/python3.9/site-packages/django/template/base.py", line 1005, in <listcomp>
    return SafeString("".join([node.render_annotated(context) for node in self]))
  File "/home/sergey/SkillFactory/NewsPortal/venv/lib/python3.9/site-packages/django/template/base.py", line 966, in render_annotated
    return self.render(context)
  File "/home/sergey/SkillFactory/NewsPortal/venv/lib/python3.9/site-packages/django/templatetags/cache.py", line 53, in render
    value = self.nodelist.render(context)
  File "/home/sergey/SkillFactory/NewsPortal/venv/lib/python3.9/site-packages/django/template/base.py", line 1005, in render
    return SafeString("".join([node.render_annotated(context) for node in self]))
  File "/home/sergey/SkillFactory/NewsPortal/venv/lib/python3.9/site-packages/django/template/base.py", line 1005, in <listcomp>
    return SafeString("".join([node.render_annotated(context) for node in self]))
  File "/home/sergey/SkillFactory/NewsPortal/venv/lib/python3.9/site-packages/django/template/base.py", line 966, in render_annotated
    return self.render(context)
  File "/home/sergey/SkillFactory/NewsPortal/venv/lib/python3.9/site-packages/django/template/defaulttags.py", line 194, in render
    len_values = len(values)
  File "/home/sergey/SkillFactory/NewsPortal/venv/lib/python3.9/site-packages/django/db/models/query.py", line 376, in __len__
    self._fetch_all()
  File "/home/sergey/SkillFactory/NewsPortal/venv/lib/python3.9/site-packages/django/db/models/query.py", line 1866, in _fetch_all
    self._result_cache = list(self._iterable_class(self))
  File "/home/sergey/SkillFactory/NewsPortal/venv/lib/python3.9/site-packages/django/db/models/query.py", line 87, in __iter__
    results = compiler.execute_sql(
  File "/home/sergey/SkillFactory/NewsPortal/venv/lib/python3.9/site-packages/django/db/models/sql/compiler.py", line 1395, in execute_sql
    cursor.execute(sql, params)
  File "/home/sergey/SkillFactory/NewsPortal/venv/lib/python3.9/site-packages/debug_toolbar/panels/sql/tracking.py", line 230, in execute
    return self._record(self.cursor.execute, sql, params)
  File "/home/sergey/SkillFactory/NewsPortal/venv/lib/python3.9/site-packages/debug_toolbar/panels/sql/tracking.py", line 154, in _record
    return method(sql, params)
  File "/home/sergey/SkillFactory/NewsPortal/venv/lib/python3.9/site-packages/django/db/backends/utils.py", line 103, in execute
    return super().execute(sql, params)
  File "/home/sergey/SkillFactory/NewsPortal/venv/lib/python3.9/site-packages/django/db/backends/utils.py", line 67, in execute
    return self._execute_with_wrappers(
  File "/home/sergey/SkillFactory/NewsPortal/venv/lib/python3.9/site-packages/django/db/backends/utils.py", line 80, in _execute_with_wrappers
    return executor(sql, params, many, context)
  File "/home/sergey/SkillFactory/NewsPortal/venv/lib/python3.9/site-packages/django/db/backends/utils.py", line 89, in _execute
    return self.cursor.execute(sql, params)
  File "/home/sergey/SkillFactory/NewsPortal/venv/lib/python3.9/site-packages/django/db/utils.py", line 91, in __exit__
    raise dj_exc_value.with_traceback(traceback) from exc_value
  File "/home/sergey/SkillFactory/NewsPortal/venv/lib/python3.9/site-packages/django/db/backends/utils.py", line 89, in _execute
    return self.cursor.execute(sql, params)
  File "/home/sergey/SkillFactory/NewsPortal/venv/lib/python3.9/site-packages/django/db/backends/sqlite3/base.py", line 357, in execute
    return Database.Cursor.execute(self, query, params)
django.db.utils.OperationalError: no such column: news_category.name_en_us
ERROR::2022-09-11 02:44:12,648::"GET / HTTP/1.1" 500 349915::/home/sergey/SkillFactory/NewsPortal/venv/lib/python3.9/site-packages/django/core/servers/basehttp.py::None
ERROR::2022-09-11 02:44:48,605::Internal Server Error: /::/home/sergey/SkillFactory/NewsPortal/venv/lib/python3.9/site-packages/django/utils/log.py::(<class 'django.db.utils.OperationalError'>, OperationalError('no such column: news_category.name_en_us'), <traceback object at 0x7f9467db6700>)
Traceback (most recent call last):
  File "/home/sergey/SkillFactory/NewsPortal/venv/lib/python3.9/site-packages/django/db/backends/utils.py", line 89, in _execute
    return self.cursor.execute(sql, params)
  File "/home/sergey/SkillFactory/NewsPortal/venv/lib/python3.9/site-packages/django/db/backends/sqlite3/base.py", line 357, in execute
    return Database.Cursor.execute(self, query, params)
sqlite3.OperationalError: no such column: news_category.name_en_us

The above exception was the direct cause of the following exception:

Traceback (most recent call last):
  File "/home/sergey/SkillFactory/NewsPortal/venv/lib/python3.9/site-packages/django/core/handlers/exception.py", line 55, in inner
    response = get_response(request)
  File "/home/sergey/SkillFactory/NewsPortal/venv/lib/python3.9/site-packages/django/core/handlers/base.py", line 220, in _get_response
    response = response.render()
  File "/home/sergey/SkillFactory/NewsPortal/venv/lib/python3.9/site-packages/django/template/response.py", line 114, in render
    self.content = self.rendered_content
  File "/home/sergey/SkillFactory/NewsPortal/venv/lib/python3.9/site-packages/django/template/response.py", line 92, in rendered_content
    return template.render(context, self._request)
  File "/home/sergey/SkillFactory/NewsPortal/venv/lib/python3.9/site-packages/django/template/backends/django.py", line 62, in render
    return self.template.render(context)
  File "/home/sergey/SkillFactory/NewsPortal/venv/lib/python3.9/site-packages/django/template/base.py", line 175, in render
    return self._render(context)
  File "/home/sergey/SkillFactory/NewsPortal/venv/lib/python3.9/site-packages/django/test/utils.py", line 111, in instrumented_test_render
    return self.nodelist.render(context)
  File "/home/sergey/SkillFactory/NewsPortal/venv/lib/python3.9/site-packages/django/template/base.py", line 1005, in render
    return SafeString("".join([node.render_annotated(context) for node in self]))
  File "/home/sergey/SkillFactory/NewsPortal/venv/lib/python3.9/site-packages/django/template/base.py", line 1005, in <listcomp>
    return SafeString("".join([node.render_annotated(context) for node in self]))
  File "/home/sergey/SkillFactory/NewsPortal/venv/lib/python3.9/site-packages/django/template/base.py", line 966, in render_annotated
    return self.render(context)
  File "/home/sergey/SkillFactory/NewsPortal/venv/lib/python3.9/site-packages/django/template/loader_tags.py", line 157, in render
    return compiled_parent._render(context)
  File "/home/sergey/SkillFactory/NewsPortal/venv/lib/python3.9/site-packages/django/test/utils.py", line 111, in instrumented_test_render
    return self.nodelist.render(context)
  File "/home/sergey/SkillFactory/NewsPortal/venv/lib/python3.9/site-packages/django/template/base.py", line 1005, in render
    return SafeString("".join([node.render_annotated(context) for node in self]))
  File "/home/sergey/SkillFactory/NewsPortal/venv/lib/python3.9/site-packages/django/template/base.py", line 1005, in <listcomp>
    return SafeString("".join([node.render_annotated(context) for node in self]))
  File "/home/sergey/SkillFactory/NewsPortal/venv/lib/python3.9/site-packages/django/template/base.py", line 966, in render_annotated
    return self.render(context)
  File "/home/sergey/SkillFactory/NewsPortal/venv/lib/python3.9/site-packages/django/template/loader_tags.py", line 208, in render
    return template.render(context)
  File "/home/sergey/SkillFactory/NewsPortal/venv/lib/python3.9/site-packages/django/template/base.py", line 177, in render
    return self._render(context)
  File "/home/sergey/SkillFactory/NewsPortal/venv/lib/python3.9/site-packages/django/test/utils.py", line 111, in instrumented_test_render
    return self.nodelist.render(context)
  File "/home/sergey/SkillFactory/NewsPortal/venv/lib/python3.9/site-packages/django/template/base.py", line 1005, in render
    return SafeString("".join([node.render_annotated(context) for node in self]))
  File "/home/sergey/SkillFactory/NewsPortal/venv/lib/python3.9/site-packages/django/template/base.py", line 1005, in <listcomp>
    return SafeString("".join([node.render_annotated(context) for node in self]))
  File "/home/sergey/SkillFactory/NewsPortal/venv/lib/python3.9/site-packages/django/template/base.py", line 966, in render_annotated
    return self.render(context)
  File "/home/sergey/SkillFactory/NewsPortal/venv/lib/python3.9/site-packages/django/templatetags/cache.py", line 53, in render
    value = self.nodelist.render(context)
  File "/home/sergey/SkillFactory/NewsPortal/venv/lib/python3.9/site-packages/django/template/base.py", line 1005, in render
    return SafeString("".join([node.render_annotated(context) for node in self]))
  File "/home/sergey/SkillFactory/NewsPortal/venv/lib/python3.9/site-packages/django/template/base.py", line 1005, in <listcomp>
    return SafeString("".join([node.render_annotated(context) for node in self]))
  File "/home/sergey/SkillFactory/NewsPortal/venv/lib/python3.9/site-packages/django/template/base.py", line 966, in render_annotated
    return self.render(context)
  File "/home/sergey/SkillFactory/NewsPortal/venv/lib/python3.9/site-packages/django/template/defaulttags.py", line 194, in render
    len_values = len(values)
  File "/home/sergey/SkillFactory/NewsPortal/venv/lib/python3.9/site-packages/django/db/models/query.py", line 376, in __len__
    self._fetch_all()
  File "/home/sergey/SkillFactory/NewsPortal/venv/lib/python3.9/site-packages/django/db/models/query.py", line 1866, in _fetch_all
    self._result_cache = list(self._iterable_class(self))
  File "/home/sergey/SkillFactory/NewsPortal/venv/lib/python3.9/site-packages/django/db/models/query.py", line 87, in __iter__
    results = compiler.execute_sql(
  File "/home/sergey/SkillFactory/NewsPortal/venv/lib/python3.9/site-packages/django/db/models/sql/compiler.py", line 1395, in execute_sql
    cursor.execute(sql, params)
  File "/home/sergey/SkillFactory/NewsPortal/venv/lib/python3.9/site-packages/debug_toolbar/panels/sql/tracking.py", line 230, in execute
    return self._record(self.cursor.execute, sql, params)
  File "/home/sergey/SkillFactory/NewsPortal/venv/lib/python3.9/site-packages/debug_toolbar/panels/sql/tracking.py", line 154, in _record
    return method(sql, params)
  File "/home/sergey/SkillFactory/NewsPortal/venv/lib/python3.9/site-packages/django/db/backends/utils.py", line 103, in execute
    return super().execute(sql, params)
  File "/home/sergey/SkillFactory/NewsPortal/venv/lib/python3.9/site-packages/django/db/backends/utils.py", line 67, in execute
    return self._execute_with_wrappers(
  File "/home/sergey/SkillFactory/NewsPortal/venv/lib/python3.9/site-packages/django/db/backends/utils.py", line 80, in _execute_with_wrappers
    return executor(sql, params, many, context)
  File "/home/sergey/SkillFactory/NewsPortal/venv/lib/python3.9/site-packages/django/db/backends/utils.py", line 89, in _execute
    return self.cursor.execute(sql, params)
  File "/home/sergey/SkillFactory/NewsPortal/venv/lib/python3.9/site-packages/django/db/utils.py", line 91, in __exit__
    raise dj_exc_value.with_traceback(traceback) from exc_value
  File "/home/sergey/SkillFactory/NewsPortal/venv/lib/python3.9/site-packages/django/db/backends/utils.py", line 89, in _execute
    return self.cursor.execute(sql, params)
  File "/home/sergey/SkillFactory/NewsPortal/venv/lib/python3.9/site-packages/django/db/backends/sqlite3/base.py", line 357, in execute
    return Database.Cursor.execute(self, query, params)
django.db.utils.OperationalError: no such column: news_category.name_en_us
ERROR::2022-09-11 02:44:48,807::"GET / HTTP/1.1" 500 349912::/home/sergey/SkillFactory/NewsPortal/venv/lib/python3.9/site-packages/django/core/servers/basehttp.py::None
ERROR::2022-09-11 02:45:51,702::Internal Server Error: /::/home/sergey/SkillFactory/NewsPortal/venv/lib/python3.9/site-packages/django/utils/log.py::(<class 'django.db.utils.OperationalError'>, OperationalError('no such column: news_category.name_en_us'), <traceback object at 0x7f9467c6e740>)
Traceback (most recent call last):
  File "/home/sergey/SkillFactory/NewsPortal/venv/lib/python3.9/site-packages/django/db/backends/utils.py", line 89, in _execute
    return self.cursor.execute(sql, params)
  File "/home/sergey/SkillFactory/NewsPortal/venv/lib/python3.9/site-packages/django/db/backends/sqlite3/base.py", line 357, in execute
    return Database.Cursor.execute(self, query, params)
sqlite3.OperationalError: no such column: news_category.name_en_us

The above exception was the direct cause of the following exception:

Traceback (most recent call last):
  File "/home/sergey/SkillFactory/NewsPortal/venv/lib/python3.9/site-packages/django/core/handlers/exception.py", line 55, in inner
    response = get_response(request)
  File "/home/sergey/SkillFactory/NewsPortal/venv/lib/python3.9/site-packages/django/core/handlers/base.py", line 220, in _get_response
    response = response.render()
  File "/home/sergey/SkillFactory/NewsPortal/venv/lib/python3.9/site-packages/django/template/response.py", line 114, in render
    self.content = self.rendered_content
  File "/home/sergey/SkillFactory/NewsPortal/venv/lib/python3.9/site-packages/django/template/response.py", line 92, in rendered_content
    return template.render(context, self._request)
  File "/home/sergey/SkillFactory/NewsPortal/venv/lib/python3.9/site-packages/django/template/backends/django.py", line 62, in render
    return self.template.render(context)
  File "/home/sergey/SkillFactory/NewsPortal/venv/lib/python3.9/site-packages/django/template/base.py", line 175, in render
    return self._render(context)
  File "/home/sergey/SkillFactory/NewsPortal/venv/lib/python3.9/site-packages/django/test/utils.py", line 111, in instrumented_test_render
    return self.nodelist.render(context)
  File "/home/sergey/SkillFactory/NewsPortal/venv/lib/python3.9/site-packages/django/template/base.py", line 1005, in render
    return SafeString("".join([node.render_annotated(context) for node in self]))
  File "/home/sergey/SkillFactory/NewsPortal/venv/lib/python3.9/site-packages/django/template/base.py", line 1005, in <listcomp>
    return SafeString("".join([node.render_annotated(context) for node in self]))
  File "/home/sergey/SkillFactory/NewsPortal/venv/lib/python3.9/site-packages/django/template/base.py", line 966, in render_annotated
    return self.render(context)
  File "/home/sergey/SkillFactory/NewsPortal/venv/lib/python3.9/site-packages/django/template/loader_tags.py", line 157, in render
    return compiled_parent._render(context)
  File "/home/sergey/SkillFactory/NewsPortal/venv/lib/python3.9/site-packages/django/test/utils.py", line 111, in instrumented_test_render
    return self.nodelist.render(context)
  File "/home/sergey/SkillFactory/NewsPortal/venv/lib/python3.9/site-packages/django/template/base.py", line 1005, in render
    return SafeString("".join([node.render_annotated(context) for node in self]))
  File "/home/sergey/SkillFactory/NewsPortal/venv/lib/python3.9/site-packages/django/template/base.py", line 1005, in <listcomp>
    return SafeString("".join([node.render_annotated(context) for node in self]))
  File "/home/sergey/SkillFactory/NewsPortal/venv/lib/python3.9/site-packages/django/template/base.py", line 966, in render_annotated
    return self.render(context)
  File "/home/sergey/SkillFactory/NewsPortal/venv/lib/python3.9/site-packages/django/template/loader_tags.py", line 208, in render
    return template.render(context)
  File "/home/sergey/SkillFactory/NewsPortal/venv/lib/python3.9/site-packages/django/template/base.py", line 177, in render
    return self._render(context)
  File "/home/sergey/SkillFactory/NewsPortal/venv/lib/python3.9/site-packages/django/test/utils.py", line 111, in instrumented_test_render
    return self.nodelist.render(context)
  File "/home/sergey/SkillFactory/NewsPortal/venv/lib/python3.9/site-packages/django/template/base.py", line 1005, in render
    return SafeString("".join([node.render_annotated(context) for node in self]))
  File "/home/sergey/SkillFactory/NewsPortal/venv/lib/python3.9/site-packages/django/template/base.py", line 1005, in <listcomp>
    return SafeString("".join([node.render_annotated(context) for node in self]))
  File "/home/sergey/SkillFactory/NewsPortal/venv/lib/python3.9/site-packages/django/template/base.py", line 966, in render_annotated
    return self.render(context)
  File "/home/sergey/SkillFactory/NewsPortal/venv/lib/python3.9/site-packages/django/templatetags/cache.py", line 53, in render
    value = self.nodelist.render(context)
  File "/home/sergey/SkillFactory/NewsPortal/venv/lib/python3.9/site-packages/django/template/base.py", line 1005, in render
    return SafeString("".join([node.render_annotated(context) for node in self]))
  File "/home/sergey/SkillFactory/NewsPortal/venv/lib/python3.9/site-packages/django/template/base.py", line 1005, in <listcomp>
    return SafeString("".join([node.render_annotated(context) for node in self]))
  File "/home/sergey/SkillFactory/NewsPortal/venv/lib/python3.9/site-packages/django/template/base.py", line 966, in render_annotated
    return self.render(context)
  File "/home/sergey/SkillFactory/NewsPortal/venv/lib/python3.9/site-packages/django/template/defaulttags.py", line 194, in render
    len_values = len(values)
  File "/home/sergey/SkillFactory/NewsPortal/venv/lib/python3.9/site-packages/django/db/models/query.py", line 376, in __len__
    self._fetch_all()
  File "/home/sergey/SkillFactory/NewsPortal/venv/lib/python3.9/site-packages/django/db/models/query.py", line 1866, in _fetch_all
    self._result_cache = list(self._iterable_class(self))
  File "/home/sergey/SkillFactory/NewsPortal/venv/lib/python3.9/site-packages/django/db/models/query.py", line 87, in __iter__
    results = compiler.execute_sql(
  File "/home/sergey/SkillFactory/NewsPortal/venv/lib/python3.9/site-packages/django/db/models/sql/compiler.py", line 1395, in execute_sql
    cursor.execute(sql, params)
  File "/home/sergey/SkillFactory/NewsPortal/venv/lib/python3.9/site-packages/debug_toolbar/panels/sql/tracking.py", line 230, in execute
    return self._record(self.cursor.execute, sql, params)
  File "/home/sergey/SkillFactory/NewsPortal/venv/lib/python3.9/site-packages/debug_toolbar/panels/sql/tracking.py", line 154, in _record
    return method(sql, params)
  File "/home/sergey/SkillFactory/NewsPortal/venv/lib/python3.9/site-packages/django/db/backends/utils.py", line 103, in execute
    return super().execute(sql, params)
  File "/home/sergey/SkillFactory/NewsPortal/venv/lib/python3.9/site-packages/django/db/backends/utils.py", line 67, in execute
    return self._execute_with_wrappers(
  File "/home/sergey/SkillFactory/NewsPortal/venv/lib/python3.9/site-packages/django/db/backends/utils.py", line 80, in _execute_with_wrappers
    return executor(sql, params, many, context)
  File "/home/sergey/SkillFactory/NewsPortal/venv/lib/python3.9/site-packages/django/db/backends/utils.py", line 89, in _execute
    return self.cursor.execute(sql, params)
  File "/home/sergey/SkillFactory/NewsPortal/venv/lib/python3.9/site-packages/django/db/utils.py", line 91, in __exit__
    raise dj_exc_value.with_traceback(traceback) from exc_value
  File "/home/sergey/SkillFactory/NewsPortal/venv/lib/python3.9/site-packages/django/db/backends/utils.py", line 89, in _execute
    return self.cursor.execute(sql, params)
  File "/home/sergey/SkillFactory/NewsPortal/venv/lib/python3.9/site-packages/django/db/backends/sqlite3/base.py", line 357, in execute
    return Database.Cursor.execute(self, query, params)
django.db.utils.OperationalError: no such column: news_category.name_en_us
ERROR::2022-09-11 02:45:51,889::"GET / HTTP/1.1" 500 349761::/home/sergey/SkillFactory/NewsPortal/venv/lib/python3.9/site-packages/django/core/servers/basehttp.py::None
ERROR::2022-09-11 02:47:53,463::Internal Server Error: /::/home/sergey/SkillFactory/NewsPortal/venv/lib/python3.9/site-packages/django/utils/log.py::(<class 'django.db.utils.OperationalError'>, OperationalError('no such column: news_category.name_en'), <traceback object at 0x7faebaed7bc0>)
Traceback (most recent call last):
  File "/home/sergey/SkillFactory/NewsPortal/venv/lib/python3.9/site-packages/django/db/backends/utils.py", line 89, in _execute
    return self.cursor.execute(sql, params)
  File "/home/sergey/SkillFactory/NewsPortal/venv/lib/python3.9/site-packages/django/db/backends/sqlite3/base.py", line 357, in execute
    return Database.Cursor.execute(self, query, params)
sqlite3.OperationalError: no such column: news_category.name_en

The above exception was the direct cause of the following exception:

Traceback (most recent call last):
  File "/home/sergey/SkillFactory/NewsPortal/venv/lib/python3.9/site-packages/django/core/handlers/exception.py", line 55, in inner
    response = get_response(request)
  File "/home/sergey/SkillFactory/NewsPortal/venv/lib/python3.9/site-packages/django/core/handlers/base.py", line 220, in _get_response
    response = response.render()
  File "/home/sergey/SkillFactory/NewsPortal/venv/lib/python3.9/site-packages/django/template/response.py", line 114, in render
    self.content = self.rendered_content
  File "/home/sergey/SkillFactory/NewsPortal/venv/lib/python3.9/site-packages/django/template/response.py", line 92, in rendered_content
    return template.render(context, self._request)
  File "/home/sergey/SkillFactory/NewsPortal/venv/lib/python3.9/site-packages/django/template/backends/django.py", line 62, in render
    return self.template.render(context)
  File "/home/sergey/SkillFactory/NewsPortal/venv/lib/python3.9/site-packages/django/template/base.py", line 175, in render
    return self._render(context)
  File "/home/sergey/SkillFactory/NewsPortal/venv/lib/python3.9/site-packages/django/test/utils.py", line 111, in instrumented_test_render
    return self.nodelist.render(context)
  File "/home/sergey/SkillFactory/NewsPortal/venv/lib/python3.9/site-packages/django/template/base.py", line 1005, in render
    return SafeString("".join([node.render_annotated(context) for node in self]))
  File "/home/sergey/SkillFactory/NewsPortal/venv/lib/python3.9/site-packages/django/template/base.py", line 1005, in <listcomp>
    return SafeString("".join([node.render_annotated(context) for node in self]))
  File "/home/sergey/SkillFactory/NewsPortal/venv/lib/python3.9/site-packages/django/template/base.py", line 966, in render_annotated
    return self.render(context)
  File "/home/sergey/SkillFactory/NewsPortal/venv/lib/python3.9/site-packages/django/template/loader_tags.py", line 157, in render
    return compiled_parent._render(context)
  File "/home/sergey/SkillFactory/NewsPortal/venv/lib/python3.9/site-packages/django/test/utils.py", line 111, in instrumented_test_render
    return self.nodelist.render(context)
  File "/home/sergey/SkillFactory/NewsPortal/venv/lib/python3.9/site-packages/django/template/base.py", line 1005, in render
    return SafeString("".join([node.render_annotated(context) for node in self]))
  File "/home/sergey/SkillFactory/NewsPortal/venv/lib/python3.9/site-packages/django/template/base.py", line 1005, in <listcomp>
    return SafeString("".join([node.render_annotated(context) for node in self]))
  File "/home/sergey/SkillFactory/NewsPortal/venv/lib/python3.9/site-packages/django/template/base.py", line 966, in render_annotated
    return self.render(context)
  File "/home/sergey/SkillFactory/NewsPortal/venv/lib/python3.9/site-packages/django/template/loader_tags.py", line 208, in render
    return template.render(context)
  File "/home/sergey/SkillFactory/NewsPortal/venv/lib/python3.9/site-packages/django/template/base.py", line 177, in render
    return self._render(context)
  File "/home/sergey/SkillFactory/NewsPortal/venv/lib/python3.9/site-packages/django/test/utils.py", line 111, in instrumented_test_render
    return self.nodelist.render(context)
  File "/home/sergey/SkillFactory/NewsPortal/venv/lib/python3.9/site-packages/django/template/base.py", line 1005, in render
    return SafeString("".join([node.render_annotated(context) for node in self]))
  File "/home/sergey/SkillFactory/NewsPortal/venv/lib/python3.9/site-packages/django/template/base.py", line 1005, in <listcomp>
    return SafeString("".join([node.render_annotated(context) for node in self]))
  File "/home/sergey/SkillFactory/NewsPortal/venv/lib/python3.9/site-packages/django/template/base.py", line 966, in render_annotated
    return self.render(context)
  File "/home/sergey/SkillFactory/NewsPortal/venv/lib/python3.9/site-packages/django/templatetags/cache.py", line 53, in render
    value = self.nodelist.render(context)
  File "/home/sergey/SkillFactory/NewsPortal/venv/lib/python3.9/site-packages/django/template/base.py", line 1005, in render
    return SafeString("".join([node.render_annotated(context) for node in self]))
  File "/home/sergey/SkillFactory/NewsPortal/venv/lib/python3.9/site-packages/django/template/base.py", line 1005, in <listcomp>
    return SafeString("".join([node.render_annotated(context) for node in self]))
  File "/home/sergey/SkillFactory/NewsPortal/venv/lib/python3.9/site-packages/django/template/base.py", line 966, in render_annotated
    return self.render(context)
  File "/home/sergey/SkillFactory/NewsPortal/venv/lib/python3.9/site-packages/django/template/defaulttags.py", line 194, in render
    len_values = len(values)
  File "/home/sergey/SkillFactory/NewsPortal/venv/lib/python3.9/site-packages/django/db/models/query.py", line 376, in __len__
    self._fetch_all()
  File "/home/sergey/SkillFactory/NewsPortal/venv/lib/python3.9/site-packages/django/db/models/query.py", line 1866, in _fetch_all
    self._result_cache = list(self._iterable_class(self))
  File "/home/sergey/SkillFactory/NewsPortal/venv/lib/python3.9/site-packages/django/db/models/query.py", line 87, in __iter__
    results = compiler.execute_sql(
  File "/home/sergey/SkillFactory/NewsPortal/venv/lib/python3.9/site-packages/django/db/models/sql/compiler.py", line 1395, in execute_sql
    cursor.execute(sql, params)
  File "/home/sergey/SkillFactory/NewsPortal/venv/lib/python3.9/site-packages/debug_toolbar/panels/sql/tracking.py", line 230, in execute
    return self._record(self.cursor.execute, sql, params)
  File "/home/sergey/SkillFactory/NewsPortal/venv/lib/python3.9/site-packages/debug_toolbar/panels/sql/tracking.py", line 154, in _record
    return method(sql, params)
  File "/home/sergey/SkillFactory/NewsPortal/venv/lib/python3.9/site-packages/django/db/backends/utils.py", line 103, in execute
    return super().execute(sql, params)
  File "/home/sergey/SkillFactory/NewsPortal/venv/lib/python3.9/site-packages/django/db/backends/utils.py", line 67, in execute
    return self._execute_with_wrappers(
  File "/home/sergey/SkillFactory/NewsPortal/venv/lib/python3.9/site-packages/django/db/backends/utils.py", line 80, in _execute_with_wrappers
    return executor(sql, params, many, context)
  File "/home/sergey/SkillFactory/NewsPortal/venv/lib/python3.9/site-packages/django/db/backends/utils.py", line 89, in _execute
    return self.cursor.execute(sql, params)
  File "/home/sergey/SkillFactory/NewsPortal/venv/lib/python3.9/site-packages/django/db/utils.py", line 91, in __exit__
    raise dj_exc_value.with_traceback(traceback) from exc_value
  File "/home/sergey/SkillFactory/NewsPortal/venv/lib/python3.9/site-packages/django/db/backends/utils.py", line 89, in _execute
    return self.cursor.execute(sql, params)
  File "/home/sergey/SkillFactory/NewsPortal/venv/lib/python3.9/site-packages/django/db/backends/sqlite3/base.py", line 357, in execute
    return Database.Cursor.execute(self, query, params)
django.db.utils.OperationalError: no such column: news_category.name_en
ERROR::2022-09-11 02:47:53,733::"GET / HTTP/1.1" 500 349691::/home/sergey/SkillFactory/NewsPortal/venv/lib/python3.9/site-packages/django/core/servers/basehttp.py::None
ERROR::2022-09-11 02:48:05,116::Internal Server Error: /admin/news/category/::/home/sergey/SkillFactory/NewsPortal/venv/lib/python3.9/site-packages/django/utils/log.py::(<class 'django.db.utils.OperationalError'>, OperationalError('no such column: news_category.name_en'), <traceback object at 0x7faebabff600>)
Traceback (most recent call last):
  File "/home/sergey/SkillFactory/NewsPortal/venv/lib/python3.9/site-packages/django/db/backends/utils.py", line 89, in _execute
    return self.cursor.execute(sql, params)
  File "/home/sergey/SkillFactory/NewsPortal/venv/lib/python3.9/site-packages/django/db/backends/sqlite3/base.py", line 357, in execute
    return Database.Cursor.execute(self, query, params)
sqlite3.OperationalError: no such column: news_category.name_en

The above exception was the direct cause of the following exception:

Traceback (most recent call last):
  File "/home/sergey/SkillFactory/NewsPortal/venv/lib/python3.9/site-packages/django/core/handlers/exception.py", line 55, in inner
    response = get_response(request)
  File "/home/sergey/SkillFactory/NewsPortal/venv/lib/python3.9/site-packages/django/core/handlers/base.py", line 197, in _get_response
    response = wrapped_callback(request, *callback_args, **callback_kwargs)
  File "/home/sergey/SkillFactory/NewsPortal/venv/lib/python3.9/site-packages/django/contrib/admin/options.py", line 686, in wrapper
    return self.admin_site.admin_view(view)(*args, **kwargs)
  File "/home/sergey/SkillFactory/NewsPortal/venv/lib/python3.9/site-packages/django/utils/decorators.py", line 133, in _wrapped_view
    response = view_func(request, *args, **kwargs)
  File "/home/sergey/SkillFactory/NewsPortal/venv/lib/python3.9/site-packages/django/views/decorators/cache.py", line 62, in _wrapped_view_func
    response = view_func(request, *args, **kwargs)
  File "/home/sergey/SkillFactory/NewsPortal/venv/lib/python3.9/site-packages/django/contrib/admin/sites.py", line 242, in inner
    return view(request, *args, **kwargs)
  File "/home/sergey/SkillFactory/NewsPortal/venv/lib/python3.9/site-packages/django/utils/decorators.py", line 46, in _wrapper
    return bound_method(*args, **kwargs)
  File "/home/sergey/SkillFactory/NewsPortal/venv/lib/python3.9/site-packages/django/utils/decorators.py", line 133, in _wrapped_view
    response = view_func(request, *args, **kwargs)
  File "/home/sergey/SkillFactory/NewsPortal/venv/lib/python3.9/site-packages/django/contrib/admin/options.py", line 2068, in changelist_view
    "selection_note": _("0 of %(cnt)s selected") % {"cnt": len(cl.result_list)},
  File "/home/sergey/SkillFactory/NewsPortal/venv/lib/python3.9/site-packages/django/db/models/query.py", line 376, in __len__
    self._fetch_all()
  File "/home/sergey/SkillFactory/NewsPortal/venv/lib/python3.9/site-packages/django/db/models/query.py", line 1866, in _fetch_all
    self._result_cache = list(self._iterable_class(self))
  File "/home/sergey/SkillFactory/NewsPortal/venv/lib/python3.9/site-packages/django/db/models/query.py", line 87, in __iter__
    results = compiler.execute_sql(
  File "/home/sergey/SkillFactory/NewsPortal/venv/lib/python3.9/site-packages/django/db/models/sql/compiler.py", line 1395, in execute_sql
    cursor.execute(sql, params)
  File "/home/sergey/SkillFactory/NewsPortal/venv/lib/python3.9/site-packages/debug_toolbar/panels/sql/tracking.py", line 230, in execute
    return self._record(self.cursor.execute, sql, params)
  File "/home/sergey/SkillFactory/NewsPortal/venv/lib/python3.9/site-packages/debug_toolbar/panels/sql/tracking.py", line 154, in _record
    return method(sql, params)
  File "/home/sergey/SkillFactory/NewsPortal/venv/lib/python3.9/site-packages/django/db/backends/utils.py", line 103, in execute
    return super().execute(sql, params)
  File "/home/sergey/SkillFactory/NewsPortal/venv/lib/python3.9/site-packages/django/db/backends/utils.py", line 67, in execute
    return self._execute_with_wrappers(
  File "/home/sergey/SkillFactory/NewsPortal/venv/lib/python3.9/site-packages/django/db/backends/utils.py", line 80, in _execute_with_wrappers
    return executor(sql, params, many, context)
  File "/home/sergey/SkillFactory/NewsPortal/venv/lib/python3.9/site-packages/django/db/backends/utils.py", line 89, in _execute
    return self.cursor.execute(sql, params)
  File "/home/sergey/SkillFactory/NewsPortal/venv/lib/python3.9/site-packages/django/db/utils.py", line 91, in __exit__
    raise dj_exc_value.with_traceback(traceback) from exc_value
  File "/home/sergey/SkillFactory/NewsPortal/venv/lib/python3.9/site-packages/django/db/backends/utils.py", line 89, in _execute
    return self.cursor.execute(sql, params)
  File "/home/sergey/SkillFactory/NewsPortal/venv/lib/python3.9/site-packages/django/db/backends/sqlite3/base.py", line 357, in execute
    return Database.Cursor.execute(self, query, params)
django.db.utils.OperationalError: no such column: news_category.name_en
ERROR::2022-09-11 02:48:05,265::"GET /admin/news/category/ HTTP/1.1" 500 194405::/home/sergey/SkillFactory/NewsPortal/venv/lib/python3.9/site-packages/django/core/servers/basehttp.py::None
ERROR::2022-09-11 17:11:20,502::Internal Server Error: /::/home/sergey/SkillFactory/NewsPortal/venv/lib/python3.9/site-packages/django/utils/log.py::(<class 'django.template.exceptions.TemplateSyntaxError'>, TemplateSyntaxError("Invalid block tag on line 18: 'get_current_timezone'. Did you forget to register or load this tag?"), <traceback object at 0x7f5524256640>)
Traceback (most recent call last):
  File "/home/sergey/SkillFactory/NewsPortal/venv/lib/python3.9/site-packages/django/template/base.py", line 505, in parse
    compile_func = self.tags[command]
KeyError: 'get_current_timezone'

During handling of the above exception, another exception occurred:

Traceback (most recent call last):
  File "/home/sergey/SkillFactory/NewsPortal/venv/lib/python3.9/site-packages/django/core/handlers/exception.py", line 55, in inner
    response = get_response(request)
  File "/home/sergey/SkillFactory/NewsPortal/venv/lib/python3.9/site-packages/django/core/handlers/base.py", line 220, in _get_response
    response = response.render()
  File "/home/sergey/SkillFactory/NewsPortal/venv/lib/python3.9/site-packages/django/template/response.py", line 114, in render
    self.content = self.rendered_content
  File "/home/sergey/SkillFactory/NewsPortal/venv/lib/python3.9/site-packages/django/template/response.py", line 92, in rendered_content
    return template.render(context, self._request)
  File "/home/sergey/SkillFactory/NewsPortal/venv/lib/python3.9/site-packages/django/template/backends/django.py", line 62, in render
    return self.template.render(context)
  File "/home/sergey/SkillFactory/NewsPortal/venv/lib/python3.9/site-packages/django/template/base.py", line 175, in render
    return self._render(context)
  File "/home/sergey/SkillFactory/NewsPortal/venv/lib/python3.9/site-packages/django/test/utils.py", line 111, in instrumented_test_render
    return self.nodelist.render(context)
  File "/home/sergey/SkillFactory/NewsPortal/venv/lib/python3.9/site-packages/django/template/base.py", line 1005, in render
    return SafeString("".join([node.render_annotated(context) for node in self]))
  File "/home/sergey/SkillFactory/NewsPortal/venv/lib/python3.9/site-packages/django/template/base.py", line 1005, in <listcomp>
    return SafeString("".join([node.render_annotated(context) for node in self]))
  File "/home/sergey/SkillFactory/NewsPortal/venv/lib/python3.9/site-packages/django/template/base.py", line 966, in render_annotated
    return self.render(context)
  File "/home/sergey/SkillFactory/NewsPortal/venv/lib/python3.9/site-packages/django/template/loader_tags.py", line 157, in render
    return compiled_parent._render(context)
  File "/home/sergey/SkillFactory/NewsPortal/venv/lib/python3.9/site-packages/django/test/utils.py", line 111, in instrumented_test_render
    return self.nodelist.render(context)
  File "/home/sergey/SkillFactory/NewsPortal/venv/lib/python3.9/site-packages/django/template/base.py", line 1005, in render
    return SafeString("".join([node.render_annotated(context) for node in self]))
  File "/home/sergey/SkillFactory/NewsPortal/venv/lib/python3.9/site-packages/django/template/base.py", line 1005, in <listcomp>
    return SafeString("".join([node.render_annotated(context) for node in self]))
  File "/home/sergey/SkillFactory/NewsPortal/venv/lib/python3.9/site-packages/django/template/base.py", line 966, in render_annotated
    return self.render(context)
  File "/home/sergey/SkillFactory/NewsPortal/venv/lib/python3.9/site-packages/django/template/loader_tags.py", line 197, in render
    template = context.template.engine.select_template(template_name)
  File "/home/sergey/SkillFactory/NewsPortal/venv/lib/python3.9/site-packages/django/template/engine.py", line 206, in select_template
    return self.get_template(template_name)
  File "/home/sergey/SkillFactory/NewsPortal/venv/lib/python3.9/site-packages/django/template/engine.py", line 175, in get_template
    template, origin = self.find_template(template_name)
  File "/home/sergey/SkillFactory/NewsPortal/venv/lib/python3.9/site-packages/django/template/engine.py", line 157, in find_template
    template = loader.get_template(name, skip=skip)
  File "/home/sergey/SkillFactory/NewsPortal/venv/lib/python3.9/site-packages/django/template/loaders/cached.py", line 57, in get_template
    template = super().get_template(template_name, skip)
  File "/home/sergey/SkillFactory/NewsPortal/venv/lib/python3.9/site-packages/django/template/loaders/base.py", line 28, in get_template
    return Template(
  File "/home/sergey/SkillFactory/NewsPortal/venv/lib/python3.9/site-packages/django/template/base.py", line 154, in __init__
    self.nodelist = self.compile_nodelist()
  File "/home/sergey/SkillFactory/NewsPortal/venv/lib/python3.9/site-packages/django/template/base.py", line 200, in compile_nodelist
    return parser.parse()
  File "/home/sergey/SkillFactory/NewsPortal/venv/lib/python3.9/site-packages/django/template/base.py", line 507, in parse
    self.invalid_block_tag(token, command, parse_until)
  File "/home/sergey/SkillFactory/NewsPortal/venv/lib/python3.9/site-packages/django/template/base.py", line 568, in invalid_block_tag
    raise self.error(
django.template.exceptions.TemplateSyntaxError: Invalid block tag on line 18: 'get_current_timezone'. Did you forget to register or load this tag?
ERROR::2022-09-11 17:11:20,649::"GET / HTTP/1.1" 500 284899::/home/sergey/SkillFactory/NewsPortal/venv/lib/python3.9/site-packages/django/core/servers/basehttp.py::None
ERROR::2022-09-11 18:16:58,083::Internal Server Error: /::/home/sergey/SkillFactory/NewsPortal/venv/lib/python3.9/site-packages/django/utils/log.py::(<class 'django.urls.exceptions.NoReverseMatch'>, NoReverseMatch("Reverse for 'set_tz' not found. 'set_tz' is not a valid view function or pattern name."), <traceback object at 0x7fbfe66b3980>)
Traceback (most recent call last):
  File "/home/sergey/SkillFactory/NewsPortal/venv/lib/python3.9/site-packages/django/core/handlers/exception.py", line 55, in inner
    response = get_response(request)
  File "/home/sergey/SkillFactory/NewsPortal/venv/lib/python3.9/site-packages/django/core/handlers/base.py", line 220, in _get_response
    response = response.render()
  File "/home/sergey/SkillFactory/NewsPortal/venv/lib/python3.9/site-packages/django/template/response.py", line 114, in render
    self.content = self.rendered_content
  File "/home/sergey/SkillFactory/NewsPortal/venv/lib/python3.9/site-packages/django/template/response.py", line 92, in rendered_content
    return template.render(context, self._request)
  File "/home/sergey/SkillFactory/NewsPortal/venv/lib/python3.9/site-packages/django/template/backends/django.py", line 62, in render
    return self.template.render(context)
  File "/home/sergey/SkillFactory/NewsPortal/venv/lib/python3.9/site-packages/django/template/base.py", line 175, in render
    return self._render(context)
  File "/home/sergey/SkillFactory/NewsPortal/venv/lib/python3.9/site-packages/django/test/utils.py", line 111, in instrumented_test_render
    return self.nodelist.render(context)
  File "/home/sergey/SkillFactory/NewsPortal/venv/lib/python3.9/site-packages/django/template/base.py", line 1005, in render
    return SafeString("".join([node.render_annotated(context) for node in self]))
  File "/home/sergey/SkillFactory/NewsPortal/venv/lib/python3.9/site-packages/django/template/base.py", line 1005, in <listcomp>
    return SafeString("".join([node.render_annotated(context) for node in self]))
  File "/home/sergey/SkillFactory/NewsPortal/venv/lib/python3.9/site-packages/django/template/base.py", line 966, in render_annotated
    return self.render(context)
  File "/home/sergey/SkillFactory/NewsPortal/venv/lib/python3.9/site-packages/django/template/loader_tags.py", line 157, in render
    return compiled_parent._render(context)
  File "/home/sergey/SkillFactory/NewsPortal/venv/lib/python3.9/site-packages/django/test/utils.py", line 111, in instrumented_test_render
    return self.nodelist.render(context)
  File "/home/sergey/SkillFactory/NewsPortal/venv/lib/python3.9/site-packages/django/template/base.py", line 1005, in render
    return SafeString("".join([node.render_annotated(context) for node in self]))
  File "/home/sergey/SkillFactory/NewsPortal/venv/lib/python3.9/site-packages/django/template/base.py", line 1005, in <listcomp>
    return SafeString("".join([node.render_annotated(context) for node in self]))
  File "/home/sergey/SkillFactory/NewsPortal/venv/lib/python3.9/site-packages/django/template/base.py", line 966, in render_annotated
    return self.render(context)
  File "/home/sergey/SkillFactory/NewsPortal/venv/lib/python3.9/site-packages/django/template/loader_tags.py", line 208, in render
    return template.render(context)
  File "/home/sergey/SkillFactory/NewsPortal/venv/lib/python3.9/site-packages/django/template/base.py", line 177, in render
    return self._render(context)
  File "/home/sergey/SkillFactory/NewsPortal/venv/lib/python3.9/site-packages/django/test/utils.py", line 111, in instrumented_test_render
    return self.nodelist.render(context)
  File "/home/sergey/SkillFactory/NewsPortal/venv/lib/python3.9/site-packages/django/template/base.py", line 1005, in render
    return SafeString("".join([node.render_annotated(context) for node in self]))
  File "/home/sergey/SkillFactory/NewsPortal/venv/lib/python3.9/site-packages/django/template/base.py", line 1005, in <listcomp>
    return SafeString("".join([node.render_annotated(context) for node in self]))
  File "/home/sergey/SkillFactory/NewsPortal/venv/lib/python3.9/site-packages/django/template/base.py", line 966, in render_annotated
    return self.render(context)
  File "/home/sergey/SkillFactory/NewsPortal/venv/lib/python3.9/site-packages/django/template/defaulttags.py", line 472, in render
    url = reverse(view_name, args=args, kwargs=kwargs, current_app=current_app)
  File "/home/sergey/SkillFactory/NewsPortal/venv/lib/python3.9/site-packages/django/urls/base.py", line 88, in reverse
    return resolver._reverse_with_prefix(view, prefix, *args, **kwargs)
  File "/home/sergey/SkillFactory/NewsPortal/venv/lib/python3.9/site-packages/django/urls/resolvers.py", line 803, in _reverse_with_prefix
    raise NoReverseMatch(msg)
django.urls.exceptions.NoReverseMatch: Reverse for 'set_tz' not found. 'set_tz' is not a valid view function or pattern name.
ERROR::2022-09-11 18:16:58,401::"GET / HTTP/1.1" 500 258795::/home/sergey/SkillFactory/NewsPortal/venv/lib/python3.9/site-packages/django/core/servers/basehttp.py::None
ERROR::2022-09-11 18:18:26,784::Internal Server Error: /::/home/sergey/SkillFactory/NewsPortal/venv/lib/python3.9/site-packages/django/utils/log.py::(<class 'django.urls.exceptions.NoReverseMatch'>, NoReverseMatch("Reverse for 'set_tz' not found. 'set_tz' is not a valid view function or pattern name."), <traceback object at 0x7fbfe6485d40>)
Traceback (most recent call last):
  File "/home/sergey/SkillFactory/NewsPortal/venv/lib/python3.9/site-packages/django/core/handlers/exception.py", line 55, in inner
    response = get_response(request)
  File "/home/sergey/SkillFactory/NewsPortal/venv/lib/python3.9/site-packages/django/core/handlers/base.py", line 220, in _get_response
    response = response.render()
  File "/home/sergey/SkillFactory/NewsPortal/venv/lib/python3.9/site-packages/django/template/response.py", line 114, in render
    self.content = self.rendered_content
  File "/home/sergey/SkillFactory/NewsPortal/venv/lib/python3.9/site-packages/django/template/response.py", line 92, in rendered_content
    return template.render(context, self._request)
  File "/home/sergey/SkillFactory/NewsPortal/venv/lib/python3.9/site-packages/django/template/backends/django.py", line 62, in render
    return self.template.render(context)
  File "/home/sergey/SkillFactory/NewsPortal/venv/lib/python3.9/site-packages/django/template/base.py", line 175, in render
    return self._render(context)
  File "/home/sergey/SkillFactory/NewsPortal/venv/lib/python3.9/site-packages/django/test/utils.py", line 111, in instrumented_test_render
    return self.nodelist.render(context)
  File "/home/sergey/SkillFactory/NewsPortal/venv/lib/python3.9/site-packages/django/template/base.py", line 1005, in render
    return SafeString("".join([node.render_annotated(context) for node in self]))
  File "/home/sergey/SkillFactory/NewsPortal/venv/lib/python3.9/site-packages/django/template/base.py", line 1005, in <listcomp>
    return SafeString("".join([node.render_annotated(context) for node in self]))
  File "/home/sergey/SkillFactory/NewsPortal/venv/lib/python3.9/site-packages/django/template/base.py", line 966, in render_annotated
    return self.render(context)
  File "/home/sergey/SkillFactory/NewsPortal/venv/lib/python3.9/site-packages/django/template/loader_tags.py", line 157, in render
    return compiled_parent._render(context)
  File "/home/sergey/SkillFactory/NewsPortal/venv/lib/python3.9/site-packages/django/test/utils.py", line 111, in instrumented_test_render
    return self.nodelist.render(context)
  File "/home/sergey/SkillFactory/NewsPortal/venv/lib/python3.9/site-packages/django/template/base.py", line 1005, in render
    return SafeString("".join([node.render_annotated(context) for node in self]))
  File "/home/sergey/SkillFactory/NewsPortal/venv/lib/python3.9/site-packages/django/template/base.py", line 1005, in <listcomp>
    return SafeString("".join([node.render_annotated(context) for node in self]))
  File "/home/sergey/SkillFactory/NewsPortal/venv/lib/python3.9/site-packages/django/template/base.py", line 966, in render_annotated
    return self.render(context)
  File "/home/sergey/SkillFactory/NewsPortal/venv/lib/python3.9/site-packages/django/template/loader_tags.py", line 208, in render
    return template.render(context)
  File "/home/sergey/SkillFactory/NewsPortal/venv/lib/python3.9/site-packages/django/template/base.py", line 177, in render
    return self._render(context)
  File "/home/sergey/SkillFactory/NewsPortal/venv/lib/python3.9/site-packages/django/test/utils.py", line 111, in instrumented_test_render
    return self.nodelist.render(context)
  File "/home/sergey/SkillFactory/NewsPortal/venv/lib/python3.9/site-packages/django/template/base.py", line 1005, in render
    return SafeString("".join([node.render_annotated(context) for node in self]))
  File "/home/sergey/SkillFactory/NewsPortal/venv/lib/python3.9/site-packages/django/template/base.py", line 1005, in <listcomp>
    return SafeString("".join([node.render_annotated(context) for node in self]))
  File "/home/sergey/SkillFactory/NewsPortal/venv/lib/python3.9/site-packages/django/template/base.py", line 966, in render_annotated
    return self.render(context)
  File "/home/sergey/SkillFactory/NewsPortal/venv/lib/python3.9/site-packages/django/template/defaulttags.py", line 472, in render
    url = reverse(view_name, args=args, kwargs=kwargs, current_app=current_app)
  File "/home/sergey/SkillFactory/NewsPortal/venv/lib/python3.9/site-packages/django/urls/base.py", line 88, in reverse
    return resolver._reverse_with_prefix(view, prefix, *args, **kwargs)
  File "/home/sergey/SkillFactory/NewsPortal/venv/lib/python3.9/site-packages/django/urls/resolvers.py", line 803, in _reverse_with_prefix
    raise NoReverseMatch(msg)
django.urls.exceptions.NoReverseMatch: Reverse for 'set_tz' not found. 'set_tz' is not a valid view function or pattern name.
ERROR::2022-09-11 18:18:26,965::"GET / HTTP/1.1" 500 257889::/home/sergey/SkillFactory/NewsPortal/venv/lib/python3.9/site-packages/django/core/servers/basehttp.py::None
ERROR::2022-09-11 18:38:02,770::Internal Server Error: /::/home/sergey/SkillFactory/NewsPortal/venv/lib/python3.9/site-packages/django/utils/log.py::(<class 'django.template.exceptions.TemplateSyntaxError'>, TemplateSyntaxError("Invalid filter: 'timezone'"), <traceback object at 0x7f7db170dbc0>)
Traceback (most recent call last):
  File "/home/sergey/SkillFactory/NewsPortal/venv/lib/python3.9/site-packages/django/core/handlers/exception.py", line 55, in inner
    response = get_response(request)
  File "/home/sergey/SkillFactory/NewsPortal/venv/lib/python3.9/site-packages/django/core/handlers/base.py", line 220, in _get_response
    response = response.render()
  File "/home/sergey/SkillFactory/NewsPortal/venv/lib/python3.9/site-packages/django/template/response.py", line 114, in render
    self.content = self.rendered_content
  File "/home/sergey/SkillFactory/NewsPortal/venv/lib/python3.9/site-packages/django/template/response.py", line 92, in rendered_content
    return template.render(context, self._request)
  File "/home/sergey/SkillFactory/NewsPortal/venv/lib/python3.9/site-packages/django/template/backends/django.py", line 62, in render
    return self.template.render(context)
  File "/home/sergey/SkillFactory/NewsPortal/venv/lib/python3.9/site-packages/django/template/base.py", line 175, in render
    return self._render(context)
  File "/home/sergey/SkillFactory/NewsPortal/venv/lib/python3.9/site-packages/django/test/utils.py", line 111, in instrumented_test_render
    return self.nodelist.render(context)
  File "/home/sergey/SkillFactory/NewsPortal/venv/lib/python3.9/site-packages/django/template/base.py", line 1005, in render
    return SafeString("".join([node.render_annotated(context) for node in self]))
  File "/home/sergey/SkillFactory/NewsPortal/venv/lib/python3.9/site-packages/django/template/base.py", line 1005, in <listcomp>
    return SafeString("".join([node.render_annotated(context) for node in self]))
  File "/home/sergey/SkillFactory/NewsPortal/venv/lib/python3.9/site-packages/django/template/base.py", line 966, in render_annotated
    return self.render(context)
  File "/home/sergey/SkillFactory/NewsPortal/venv/lib/python3.9/site-packages/django/template/loader_tags.py", line 132, in render
    compiled_parent = self.get_parent(context)
  File "/home/sergey/SkillFactory/NewsPortal/venv/lib/python3.9/site-packages/django/template/loader_tags.py", line 129, in get_parent
    return self.find_template(parent, context)
  File "/home/sergey/SkillFactory/NewsPortal/venv/lib/python3.9/site-packages/django/template/loader_tags.py", line 107, in find_template
    template, origin = context.template.engine.find_template(
  File "/home/sergey/SkillFactory/NewsPortal/venv/lib/python3.9/site-packages/django/template/engine.py", line 157, in find_template
    template = loader.get_template(name, skip=skip)
  File "/home/sergey/SkillFactory/NewsPortal/venv/lib/python3.9/site-packages/django/template/loaders/cached.py", line 57, in get_template
    template = super().get_template(template_name, skip)
  File "/home/sergey/SkillFactory/NewsPortal/venv/lib/python3.9/site-packages/django/template/loaders/base.py", line 28, in get_template
    return Template(
  File "/home/sergey/SkillFactory/NewsPortal/venv/lib/python3.9/site-packages/django/template/base.py", line 154, in __init__
    self.nodelist = self.compile_nodelist()
  File "/home/sergey/SkillFactory/NewsPortal/venv/lib/python3.9/site-packages/django/template/base.py", line 200, in compile_nodelist
    return parser.parse()
  File "/home/sergey/SkillFactory/NewsPortal/venv/lib/python3.9/site-packages/django/template/base.py", line 484, in parse
    raise self.error(token, e)
  File "/home/sergey/SkillFactory/NewsPortal/venv/lib/python3.9/site-packages/django/template/base.py", line 482, in parse
    filter_expression = self.compile_filter(token.contents)
  File "/home/sergey/SkillFactory/NewsPortal/venv/lib/python3.9/site-packages/django/template/base.py", line 600, in compile_filter
    return FilterExpression(token, self)
  File "/home/sergey/SkillFactory/NewsPortal/venv/lib/python3.9/site-packages/django/template/base.py", line 698, in __init__
    filter_func = parser.find_filter(filter_name)
  File "/home/sergey/SkillFactory/NewsPortal/venv/lib/python3.9/site-packages/django/template/base.py", line 606, in find_filter
    raise TemplateSyntaxError("Invalid filter: '%s'" % filter_name)
django.template.exceptions.TemplateSyntaxError: Invalid filter: 'timezone'
ERROR::2022-09-11 18:38:02,887::"GET / HTTP/1.1" 500 240002::/home/sergey/SkillFactory/NewsPortal/venv/lib/python3.9/site-packages/django/core/servers/basehttp.py::None
ERROR::2022-09-11 18:38:39,161::Internal Server Error: /::/home/sergey/SkillFactory/NewsPortal/venv/lib/python3.9/site-packages/django/utils/log.py::(<class 'django.template.base.VariableDoesNotExist'>, VariableDoesNotExist('Failed lookup for key [%s] in %r', ('TIME_ZONE', [{'True': True, 'False': False, 'None': None}, {}, {}, {'paginator': <django.core.paginator.Paginator object at 0x7f7db15ccf70>, 'page_obj': <Page 1 of 8>, 'is_paginated': True, 'object_list': <MultilingualQuerySet [<Post:          >, <Post:     ?     >, <Post: -        ,    >, <Post:               >, <Post:      ,   >, <Post:       >, <Post:   ,    >, <Post:         >, <Post:          >, <Post:       >]>, 'posts': <MultilingualQuerySet [<Post:          >, <Post:     ?     >, <Post: -        ,    >, <Post:               >, <Post:      ,   >, <Post:       >, <Post:   ,    >, <Post:         >, <Post:          >, <Post:       >]>, 'view': <news.views.IndexView object at 0x7f7db15ccf10>}])), <traceback object at 0x7f7db152ae00>)
Traceback (most recent call last):
  File "/home/sergey/SkillFactory/NewsPortal/venv/lib/python3.9/site-packages/django/template/base.py", line 880, in _resolve_lookup
    current = current[bit]
  File "/home/sergey/SkillFactory/NewsPortal/venv/lib/python3.9/site-packages/django/template/context.py", line 83, in __getitem__
    raise KeyError(key)
KeyError: 'TIME_ZONE'

During handling of the above exception, another exception occurred:

Traceback (most recent call last):
  File "/home/sergey/SkillFactory/NewsPortal/venv/lib/python3.9/site-packages/django/template/base.py", line 886, in _resolve_lookup
    if isinstance(current, BaseContext) and getattr(
AttributeError: type object 'RequestContext' has no attribute 'TIME_ZONE'

During handling of the above exception, another exception occurred:

Traceback (most recent call last):
  File "/home/sergey/SkillFactory/NewsPortal/venv/lib/python3.9/site-packages/django/template/base.py", line 896, in _resolve_lookup
    current = current[int(bit)]
ValueError: invalid literal for int() with base 10: 'TIME_ZONE'

During handling of the above exception, another exception occurred:

Traceback (most recent call last):
  File "/home/sergey/SkillFactory/NewsPortal/venv/lib/python3.9/site-packages/django/core/handlers/exception.py", line 55, in inner
    response = get_response(request)
  File "/home/sergey/SkillFactory/NewsPortal/venv/lib/python3.9/site-packages/django/core/handlers/base.py", line 220, in _get_response
    response = response.render()
  File "/home/sergey/SkillFactory/NewsPortal/venv/lib/python3.9/site-packages/django/template/response.py", line 114, in render
    self.content = self.rendered_content
  File "/home/sergey/SkillFactory/NewsPortal/venv/lib/python3.9/site-packages/django/template/response.py", line 92, in rendered_content
    return template.render(context, self._request)
  File "/home/sergey/SkillFactory/NewsPortal/venv/lib/python3.9/site-packages/django/template/backends/django.py", line 62, in render
    return self.template.render(context)
  File "/home/sergey/SkillFactory/NewsPortal/venv/lib/python3.9/site-packages/django/template/base.py", line 175, in render
    return self._render(context)
  File "/home/sergey/SkillFactory/NewsPortal/venv/lib/python3.9/site-packages/django/test/utils.py", line 111, in instrumented_test_render
    return self.nodelist.render(context)
  File "/home/sergey/SkillFactory/NewsPortal/venv/lib/python3.9/site-packages/django/template/base.py", line 1005, in render
    return SafeString("".join([node.render_annotated(context) for node in self]))
  File "/home/sergey/SkillFactory/NewsPortal/venv/lib/python3.9/site-packages/django/template/base.py", line 1005, in <listcomp>
    return SafeString("".join([node.render_annotated(context) for node in self]))
  File "/home/sergey/SkillFactory/NewsPortal/venv/lib/python3.9/site-packages/django/template/base.py", line 966, in render_annotated
    return self.render(context)
  File "/home/sergey/SkillFactory/NewsPortal/venv/lib/python3.9/site-packages/django/template/loader_tags.py", line 157, in render
    return compiled_parent._render(context)
  File "/home/sergey/SkillFactory/NewsPortal/venv/lib/python3.9/site-packages/django/test/utils.py", line 111, in instrumented_test_render
    return self.nodelist.render(context)
  File "/home/sergey/SkillFactory/NewsPortal/venv/lib/python3.9/site-packages/django/template/base.py", line 1005, in render
    return SafeString("".join([node.render_annotated(context) for node in self]))
  File "/home/sergey/SkillFactory/NewsPortal/venv/lib/python3.9/site-packages/django/template/base.py", line 1005, in <listcomp>
    return SafeString("".join([node.render_annotated(context) for node in self]))
  File "/home/sergey/SkillFactory/NewsPortal/venv/lib/python3.9/site-packages/django/template/base.py", line 966, in render_annotated
    return self.render(context)
  File "/home/sergey/SkillFactory/NewsPortal/venv/lib/python3.9/site-packages/django/template/base.py", line 1064, in render
    output = self.filter_expression.resolve(context)
  File "/home/sergey/SkillFactory/NewsPortal/venv/lib/python3.9/site-packages/django/template/base.py", line 736, in resolve
    arg_vals.append(arg.resolve(context))
  File "/home/sergey/SkillFactory/NewsPortal/venv/lib/python3.9/site-packages/django/template/base.py", line 847, in resolve
    value = self._resolve_lookup(context)
  File "/home/sergey/SkillFactory/NewsPortal/venv/lib/python3.9/site-packages/django/template/base.py", line 903, in _resolve_lookup
    raise VariableDoesNotExist(
django.template.base.VariableDoesNotExist: Failed lookup for key [TIME_ZONE] in [{'True': True, 'False': False, 'None': None}, {}, {}, {'paginator': <django.core.paginator.Paginator object at 0x7f7db15ccf70>, 'page_obj': <Page 1 of 8>, 'is_paginated': True, 'object_list': <MultilingualQuerySet [<Post:          >, <Post:     ?     >, <Post: -        ,    >, <Post:               >, <Post:      ,   >, <Post:       >, <Post:   ,    >, <Post:         >, <Post:          >, <Post:       >]>, 'posts': <MultilingualQuerySet [<Post:          >, <Post:     ?     >, <Post: -        ,    >, <Post:               >, <Post:      ,   >, <Post:       >, <Post:   ,    >, <Post:         >, <Post:          >, <Post:       >]>, 'view': <news.views.IndexView object at 0x7f7db15ccf10>}]
ERROR::2022-09-11 18:38:39,390::"GET / HTTP/1.1" 500 282039::/home/sergey/SkillFactory/NewsPortal/venv/lib/python3.9/site-packages/django/core/servers/basehttp.py::None
ERROR::2022-09-11 19:26:32,281::Internal Server Error: /::/home/sergey/SkillFactory/NewsPortal/venv/lib/python3.9/site-packages/django/utils/log.py::(<class 'django.template.exceptions.TemplateSyntaxError'>, TemplateSyntaxError("Invalid block tag on line 91: 'locatime'. Did you forget to register or load this tag?"), <traceback object at 0x7f7cd0746540>)
Traceback (most recent call last):
  File "/home/sergey/SkillFactory/NewsPortal/venv/lib/python3.9/site-packages/django/template/base.py", line 505, in parse
    compile_func = self.tags[command]
KeyError: 'locatime'

During handling of the above exception, another exception occurred:

Traceback (most recent call last):
  File "/home/sergey/SkillFactory/NewsPortal/venv/lib/python3.9/site-packages/django/core/handlers/exception.py", line 55, in inner
    response = get_response(request)
  File "/home/sergey/SkillFactory/NewsPortal/venv/lib/python3.9/site-packages/django/core/handlers/base.py", line 220, in _get_response
    response = response.render()
  File "/home/sergey/SkillFactory/NewsPortal/venv/lib/python3.9/site-packages/django/template/response.py", line 114, in render
    self.content = self.rendered_content
  File "/home/sergey/SkillFactory/NewsPortal/venv/lib/python3.9/site-packages/django/template/response.py", line 92, in rendered_content
    return template.render(context, self._request)
  File "/home/sergey/SkillFactory/NewsPortal/venv/lib/python3.9/site-packages/django/template/backends/django.py", line 62, in render
    return self.template.render(context)
  File "/home/sergey/SkillFactory/NewsPortal/venv/lib/python3.9/site-packages/django/template/base.py", line 175, in render
    return self._render(context)
  File "/home/sergey/SkillFactory/NewsPortal/venv/lib/python3.9/site-packages/django/test/utils.py", line 111, in instrumented_test_render
    return self.nodelist.render(context)
  File "/home/sergey/SkillFactory/NewsPortal/venv/lib/python3.9/site-packages/django/template/base.py", line 1005, in render
    return SafeString("".join([node.render_annotated(context) for node in self]))
  File "/home/sergey/SkillFactory/NewsPortal/venv/lib/python3.9/site-packages/django/template/base.py", line 1005, in <listcomp>
    return SafeString("".join([node.render_annotated(context) for node in self]))
  File "/home/sergey/SkillFactory/NewsPortal/venv/lib/python3.9/site-packages/django/template/base.py", line 966, in render_annotated
    return self.render(context)
  File "/home/sergey/SkillFactory/NewsPortal/venv/lib/python3.9/site-packages/django/template/loader_tags.py", line 132, in render
    compiled_parent = self.get_parent(context)
  File "/home/sergey/SkillFactory/NewsPortal/venv/lib/python3.9/site-packages/django/template/loader_tags.py", line 129, in get_parent
    return self.find_template(parent, context)
  File "/home/sergey/SkillFactory/NewsPortal/venv/lib/python3.9/site-packages/django/template/loader_tags.py", line 107, in find_template
    template, origin = context.template.engine.find_template(
  File "/home/sergey/SkillFactory/NewsPortal/venv/lib/python3.9/site-packages/django/template/engine.py", line 157, in find_template
    template = loader.get_template(name, skip=skip)
  File "/home/sergey/SkillFactory/NewsPortal/venv/lib/python3.9/site-packages/django/template/loaders/cached.py", line 57, in get_template
    template = super().get_template(template_name, skip)
  File "/home/sergey/SkillFactory/NewsPortal/venv/lib/python3.9/site-packages/django/template/loaders/base.py", line 28, in get_template
    return Template(
  File "/home/sergey/SkillFactory/NewsPortal/venv/lib/python3.9/site-packages/django/template/base.py", line 154, in __init__
    self.nodelist = self.compile_nodelist()
  File "/home/sergey/SkillFactory/NewsPortal/venv/lib/python3.9/site-packages/django/template/base.py", line 200, in compile_nodelist
    return parser.parse()
  File "/home/sergey/SkillFactory/NewsPortal/venv/lib/python3.9/site-packages/django/template/base.py", line 507, in parse
    self.invalid_block_tag(token, command, parse_until)
  File "/home/sergey/SkillFactory/NewsPortal/venv/lib/python3.9/site-packages/django/template/base.py", line 568, in invalid_block_tag
    raise self.error(
django.template.exceptions.TemplateSyntaxError: Invalid block tag on line 91: 'locatime'. Did you forget to register or load this tag?
ERROR::2022-09-11 19:26:32,395::"GET / HTTP/1.1" 500 232946::/home/sergey/SkillFactory/NewsPortal/venv/lib/python3.9/site-packages/django/core/servers/basehttp.py::None
ERROR::2022-09-11 19:29:43,524::Internal Server Error: /::/home/sergey/SkillFactory/NewsPortal/venv/lib/python3.9/site-packages/django/utils/log.py::(<class 'django.template.exceptions.TemplateSyntaxError'>, TemplateSyntaxError("Could not parse the remainder: '(TIME_ZONE)' from 'current_time.hour.tzname(TIME_ZONE)'"), <traceback object at 0x7f7cd045b780>)
Traceback (most recent call last):
  File "/home/sergey/SkillFactory/NewsPortal/venv/lib/python3.9/site-packages/django/core/handlers/exception.py", line 55, in inner
    response = get_response(request)
  File "/home/sergey/SkillFactory/NewsPortal/venv/lib/python3.9/site-packages/django/core/handlers/base.py", line 220, in _get_response
    response = response.render()
  File "/home/sergey/SkillFactory/NewsPortal/venv/lib/python3.9/site-packages/django/template/response.py", line 114, in render
    self.content = self.rendered_content
  File "/home/sergey/SkillFactory/NewsPortal/venv/lib/python3.9/site-packages/django/template/response.py", line 92, in rendered_content
    return template.render(context, self._request)
  File "/home/sergey/SkillFactory/NewsPortal/venv/lib/python3.9/site-packages/django/template/backends/django.py", line 62, in render
    return self.template.render(context)
  File "/home/sergey/SkillFactory/NewsPortal/venv/lib/python3.9/site-packages/django/template/base.py", line 175, in render
    return self._render(context)
  File "/home/sergey/SkillFactory/NewsPortal/venv/lib/python3.9/site-packages/django/test/utils.py", line 111, in instrumented_test_render
    return self.nodelist.render(context)
  File "/home/sergey/SkillFactory/NewsPortal/venv/lib/python3.9/site-packages/django/template/base.py", line 1005, in render
    return SafeString("".join([node.render_annotated(context) for node in self]))
  File "/home/sergey/SkillFactory/NewsPortal/venv/lib/python3.9/site-packages/django/template/base.py", line 1005, in <listcomp>
    return SafeString("".join([node.render_annotated(context) for node in self]))
  File "/home/sergey/SkillFactory/NewsPortal/venv/lib/python3.9/site-packages/django/template/base.py", line 966, in render_annotated
    return self.render(context)
  File "/home/sergey/SkillFactory/NewsPortal/venv/lib/python3.9/site-packages/django/template/loader_tags.py", line 132, in render
    compiled_parent = self.get_parent(context)
  File "/home/sergey/SkillFactory/NewsPortal/venv/lib/python3.9/site-packages/django/template/loader_tags.py", line 129, in get_parent
    return self.find_template(parent, context)
  File "/home/sergey/SkillFactory/NewsPortal/venv/lib/python3.9/site-packages/django/template/loader_tags.py", line 107, in find_template
    template, origin = context.template.engine.find_template(
  File "/home/sergey/SkillFactory/NewsPortal/venv/lib/python3.9/site-packages/django/template/engine.py", line 157, in find_template
    template = loader.get_template(name, skip=skip)
  File "/home/sergey/SkillFactory/NewsPortal/venv/lib/python3.9/site-packages/django/template/loaders/cached.py", line 57, in get_template
    template = super().get_template(template_name, skip)
  File "/home/sergey/SkillFactory/NewsPortal/venv/lib/python3.9/site-packages/django/template/loaders/base.py", line 28, in get_template
    return Template(
  File "/home/sergey/SkillFactory/NewsPortal/venv/lib/python3.9/site-packages/django/template/base.py", line 154, in __init__
    self.nodelist = self.compile_nodelist()
  File "/home/sergey/SkillFactory/NewsPortal/venv/lib/python3.9/site-packages/django/template/base.py", line 200, in compile_nodelist
    return parser.parse()
  File "/home/sergey/SkillFactory/NewsPortal/venv/lib/python3.9/site-packages/django/template/base.py", line 484, in parse
    raise self.error(token, e)
  File "/home/sergey/SkillFactory/NewsPortal/venv/lib/python3.9/site-packages/django/template/base.py", line 482, in parse
    filter_expression = self.compile_filter(token.contents)
  File "/home/sergey/SkillFactory/NewsPortal/venv/lib/python3.9/site-packages/django/template/base.py", line 600, in compile_filter
    return FilterExpression(token, self)
  File "/home/sergey/SkillFactory/NewsPortal/venv/lib/python3.9/site-packages/django/template/base.py", line 703, in __init__
    raise TemplateSyntaxError(
django.template.exceptions.TemplateSyntaxError: Could not parse the remainder: '(TIME_ZONE)' from 'current_time.hour.tzname(TIME_ZONE)'
ERROR::2022-09-11 19:29:43,650::"GET / HTTP/1.1" 500 236771::/home/sergey/SkillFactory/NewsPortal/venv/lib/python3.9/site-packages/django/core/servers/basehttp.py::None
ERROR::2022-09-11 19:36:55,090::Internal Server Error: /::/home/sergey/SkillFactory/NewsPortal/venv/lib/python3.9/site-packages/django/utils/log.py::(<class 'TypeError'>, TypeError('datetime.tzname() takes no arguments (1 given)'), <traceback object at 0x7f82eb0af700>)
Traceback (most recent call last):
  File "/home/sergey/SkillFactory/NewsPortal/venv/lib/python3.9/site-packages/django/core/handlers/exception.py", line 55, in inner
    response = get_response(request)
  File "/home/sergey/SkillFactory/NewsPortal/venv/lib/python3.9/site-packages/django/core/handlers/base.py", line 220, in _get_response
    response = response.render()
  File "/home/sergey/SkillFactory/NewsPortal/venv/lib/python3.9/site-packages/django/template/response.py", line 114, in render
    self.content = self.rendered_content
  File "/home/sergey/SkillFactory/NewsPortal/venv/lib/python3.9/site-packages/django/template/response.py", line 92, in rendered_content
    return template.render(context, self._request)
  File "/home/sergey/SkillFactory/NewsPortal/venv/lib/python3.9/site-packages/django/template/backends/django.py", line 62, in render
    return self.template.render(context)
  File "/home/sergey/SkillFactory/NewsPortal/venv/lib/python3.9/site-packages/django/template/base.py", line 173, in render
    with context.bind_template(self):
  File "/usr/lib/python3.9/contextlib.py", line 119, in __enter__
    return next(self.gen)
  File "/home/sergey/SkillFactory/NewsPortal/venv/lib/python3.9/site-packages/debug_toolbar/panels/templates/panel.py", line 45, in _request_context_bind_template
    context = processor(self.request)
  File "/home/sergey/SkillFactory/NewsPortal/NewsPaper/news/context_processors.py", line 23, in navigate_context
    'current_time': timezone.now().tzname(zoneinfo.ZoneInfo(tzname)),
TypeError: datetime.tzname() takes no arguments (1 given)
ERROR::2022-09-11 19:36:55,459::"GET / HTTP/1.1" 500 131931::/home/sergey/SkillFactory/NewsPortal/venv/lib/python3.9/site-packages/django/core/servers/basehttp.py::None
ERROR::2022-09-11 19:37:01,588::Internal Server Error: /::/home/sergey/SkillFactory/NewsPortal/venv/lib/python3.9/site-packages/django/utils/log.py::(<class 'TypeError'>, TypeError('datetime.tzname() takes no arguments (1 given)'), <traceback object at 0x7f82eae2da80>)
Traceback (most recent call last):
  File "/home/sergey/SkillFactory/NewsPortal/venv/lib/python3.9/site-packages/django/core/handlers/exception.py", line 55, in inner
    response = get_response(request)
  File "/home/sergey/SkillFactory/NewsPortal/venv/lib/python3.9/site-packages/django/core/handlers/base.py", line 220, in _get_response
    response = response.render()
  File "/home/sergey/SkillFactory/NewsPortal/venv/lib/python3.9/site-packages/django/template/response.py", line 114, in render
    self.content = self.rendered_content
  File "/home/sergey/SkillFactory/NewsPortal/venv/lib/python3.9/site-packages/django/template/response.py", line 92, in rendered_content
    return template.render(context, self._request)
  File "/home/sergey/SkillFactory/NewsPortal/venv/lib/python3.9/site-packages/django/template/backends/django.py", line 62, in render
    return self.template.render(context)
  File "/home/sergey/SkillFactory/NewsPortal/venv/lib/python3.9/site-packages/django/template/base.py", line 173, in render
    with context.bind_template(self):
  File "/usr/lib/python3.9/contextlib.py", line 119, in __enter__
    return next(self.gen)
  File "/home/sergey/SkillFactory/NewsPortal/venv/lib/python3.9/site-packages/debug_toolbar/panels/templates/panel.py", line 45, in _request_context_bind_template
    context = processor(self.request)
  File "/home/sergey/SkillFactory/NewsPortal/NewsPaper/news/context_processors.py", line 23, in navigate_context
    'current_time': timezone.now().tzname(zoneinfo.ZoneInfo(tzname)),
TypeError: datetime.tzname() takes no arguments (1 given)
ERROR::2022-09-11 19:37:01,676::"GET / HTTP/1.1" 500 131929::/home/sergey/SkillFactory/NewsPortal/venv/lib/python3.9/site-packages/django/core/servers/basehttp.py::None
ERROR::2022-09-11 19:45:21,597::Internal Server Error: /::/home/sergey/SkillFactory/NewsPortal/venv/lib/python3.9/site-packages/django/utils/log.py::(<class 'django.template.base.VariableDoesNotExist'>, VariableDoesNotExist('Failed lookup for key [%s] in %r', ('TIME_ZONE', [{'True': True, 'False': False, 'None': None}, {}, {}, {'paginator': <django.core.paginator.Paginator object at 0x7fd546fece50>, 'page_obj': <Page 1 of 8>, 'is_paginated': True, 'object_list': <MultilingualQuerySet [<Post:          >, <Post:     ?     >, <Post: -        ,    >, <Post:               >, <Post:      ,   >, <Post:       >, <Post:   ,    >, <Post:         >, <Post:          >, <Post:       >]>, 'posts': <MultilingualQuerySet [<Post:          >, <Post:     ?     >, <Post: -        ,    >, <Post:               >, <Post:      ,   >, <Post:       >, <Post:   ,    >, <Post:         >, <Post:          >, <Post:       >]>, 'view': <news.views.IndexView object at 0x7fd546fe6640>}])), <traceback object at 0x7fd546f8e540>)
Traceback (most recent call last):
  File "/home/sergey/SkillFactory/NewsPortal/venv/lib/python3.9/site-packages/django/template/base.py", line 880, in _resolve_lookup
    current = current[bit]
  File "/home/sergey/SkillFactory/NewsPortal/venv/lib/python3.9/site-packages/django/template/context.py", line 83, in __getitem__
    raise KeyError(key)
KeyError: 'TIME_ZONE'

During handling of the above exception, another exception occurred:

Traceback (most recent call last):
  File "/home/sergey/SkillFactory/NewsPortal/venv/lib/python3.9/site-packages/django/template/base.py", line 886, in _resolve_lookup
    if isinstance(current, BaseContext) and getattr(
AttributeError: type object 'RequestContext' has no attribute 'TIME_ZONE'

During handling of the above exception, another exception occurred:

Traceback (most recent call last):
  File "/home/sergey/SkillFactory/NewsPortal/venv/lib/python3.9/site-packages/django/template/base.py", line 896, in _resolve_lookup
    current = current[int(bit)]
ValueError: invalid literal for int() with base 10: 'TIME_ZONE'

During handling of the above exception, another exception occurred:

Traceback (most recent call last):
  File "/home/sergey/SkillFactory/NewsPortal/venv/lib/python3.9/site-packages/django/core/handlers/exception.py", line 55, in inner
    response = get_response(request)
  File "/home/sergey/SkillFactory/NewsPortal/venv/lib/python3.9/site-packages/django/core/handlers/base.py", line 220, in _get_response
    response = response.render()
  File "/home/sergey/SkillFactory/NewsPortal/venv/lib/python3.9/site-packages/django/template/response.py", line 114, in render
    self.content = self.rendered_content
  File "/home/sergey/SkillFactory/NewsPortal/venv/lib/python3.9/site-packages/django/template/response.py", line 92, in rendered_content
    return template.render(context, self._request)
  File "/home/sergey/SkillFactory/NewsPortal/venv/lib/python3.9/site-packages/django/template/backends/django.py", line 62, in render
    return self.template.render(context)
  File "/home/sergey/SkillFactory/NewsPortal/venv/lib/python3.9/site-packages/django/template/base.py", line 175, in render
    return self._render(context)
  File "/home/sergey/SkillFactory/NewsPortal/venv/lib/python3.9/site-packages/django/test/utils.py", line 111, in instrumented_test_render
    return self.nodelist.render(context)
  File "/home/sergey/SkillFactory/NewsPortal/venv/lib/python3.9/site-packages/django/template/base.py", line 1005, in render
    return SafeString("".join([node.render_annotated(context) for node in self]))
  File "/home/sergey/SkillFactory/NewsPortal/venv/lib/python3.9/site-packages/django/template/base.py", line 1005, in <listcomp>
    return SafeString("".join([node.render_annotated(context) for node in self]))
  File "/home/sergey/SkillFactory/NewsPortal/venv/lib/python3.9/site-packages/django/template/base.py", line 966, in render_annotated
    return self.render(context)
  File "/home/sergey/SkillFactory/NewsPortal/venv/lib/python3.9/site-packages/django/template/loader_tags.py", line 157, in render
    return compiled_parent._render(context)
  File "/home/sergey/SkillFactory/NewsPortal/venv/lib/python3.9/site-packages/django/test/utils.py", line 111, in instrumented_test_render
    return self.nodelist.render(context)
  File "/home/sergey/SkillFactory/NewsPortal/venv/lib/python3.9/site-packages/django/template/base.py", line 1005, in render
    return SafeString("".join([node.render_annotated(context) for node in self]))
  File "/home/sergey/SkillFactory/NewsPortal/venv/lib/python3.9/site-packages/django/template/base.py", line 1005, in <listcomp>
    return SafeString("".join([node.render_annotated(context) for node in self]))
  File "/home/sergey/SkillFactory/NewsPortal/venv/lib/python3.9/site-packages/django/template/base.py", line 966, in render_annotated
    return self.render(context)
  File "/home/sergey/SkillFactory/NewsPortal/venv/lib/python3.9/site-packages/django/template/base.py", line 1064, in render
    output = self.filter_expression.resolve(context)
  File "/home/sergey/SkillFactory/NewsPortal/venv/lib/python3.9/site-packages/django/template/base.py", line 736, in resolve
    arg_vals.append(arg.resolve(context))
  File "/home/sergey/SkillFactory/NewsPortal/venv/lib/python3.9/site-packages/django/template/base.py", line 847, in resolve
    value = self._resolve_lookup(context)
  File "/home/sergey/SkillFactory/NewsPortal/venv/lib/python3.9/site-packages/django/template/base.py", line 903, in _resolve_lookup
    raise VariableDoesNotExist(
django.template.base.VariableDoesNotExist: Failed lookup for key [TIME_ZONE] in [{'True': True, 'False': False, 'None': None}, {}, {}, {'paginator': <django.core.paginator.Paginator object at 0x7fd546fece50>, 'page_obj': <Page 1 of 8>, 'is_paginated': True, 'object_list': <MultilingualQuerySet [<Post:          >, <Post:     ?     >, <Post: -        ,    >, <Post:               >, <Post:      ,   >, <Post:       >, <Post:   ,    >, <Post:         >, <Post:          >, <Post:       >]>, 'posts': <MultilingualQuerySet [<Post:          >, <Post:     ?     >, <Post: -        ,    >, <Post:               >, <Post:      ,   >, <Post:       >, <Post:   ,    >, <Post:         >, <Post:          >, <Post:       >]>, 'view': <news.views.IndexView object at 0x7fd546fe6640>}]
ERROR::2022-09-11 19:45:21,859::"GET / HTTP/1.1" 500 282267::/home/sergey/SkillFactory/NewsPortal/venv/lib/python3.9/site-packages/django/core/servers/basehttp.py::None
ERROR::2022-09-11 19:52:37,096::Internal Server Error: /215/::/home/sergey/SkillFactory/NewsPortal/venv/lib/python3.9/site-packages/django/utils/log.py::(<class 'TypeError'>, TypeError("tzinfo argument must be None or of a tzinfo subclass, not type 'str'"), <traceback object at 0x7f40a0243900>)
Traceback (most recent call last):
  File "/home/sergey/SkillFactory/NewsPortal/venv/lib/python3.9/site-packages/django/core/handlers/exception.py", line 55, in inner
    response = get_response(request)
  File "/home/sergey/SkillFactory/NewsPortal/venv/lib/python3.9/site-packages/django/core/handlers/base.py", line 220, in _get_response
    response = response.render()
  File "/home/sergey/SkillFactory/NewsPortal/venv/lib/python3.9/site-packages/django/template/response.py", line 114, in render
    self.content = self.rendered_content
  File "/home/sergey/SkillFactory/NewsPortal/venv/lib/python3.9/site-packages/django/template/response.py", line 92, in rendered_content
    return template.render(context, self._request)
  File "/home/sergey/SkillFactory/NewsPortal/venv/lib/python3.9/site-packages/django/template/backends/django.py", line 62, in render
    return self.template.render(context)
  File "/home/sergey/SkillFactory/NewsPortal/venv/lib/python3.9/site-packages/django/template/base.py", line 173, in render
    with context.bind_template(self):
  File "/usr/lib/python3.9/contextlib.py", line 119, in __enter__
    return next(self.gen)
  File "/home/sergey/SkillFactory/NewsPortal/venv/lib/python3.9/site-packages/debug_toolbar/panels/templates/panel.py", line 45, in _request_context_bind_template
    context = processor(self.request)
  File "/home/sergey/SkillFactory/NewsPortal/NewsPaper/news/context_processors.py", line 23, in navigate_context
    'current_time': datetime.now(tz=request.session.get('django_timezone')),
TypeError: tzinfo argument must be None or of a tzinfo subclass, not type 'str'
ERROR::2022-09-11 19:52:37,538::"GET /215/ HTTP/1.1" 500 121530::/home/sergey/SkillFactory/NewsPortal/venv/lib/python3.9/site-packages/django/core/servers/basehttp.py::None
ERROR::2022-09-11 19:53:47,041::Internal Server Error: /215/::/home/sergey/SkillFactory/NewsPortal/venv/lib/python3.9/site-packages/django/utils/log.py::(<class 'TypeError'>, TypeError("tzinfo argument must be None or of a tzinfo subclass, not type 'str'"), <traceback object at 0x7facaa45f2c0>)
Traceback (most recent call last):
  File "/home/sergey/SkillFactory/NewsPortal/venv/lib/python3.9/site-packages/django/core/handlers/exception.py", line 55, in inner
    response = get_response(request)
  File "/home/sergey/SkillFactory/NewsPortal/venv/lib/python3.9/site-packages/django/core/handlers/base.py", line 220, in _get_response
    response = response.render()
  File "/home/sergey/SkillFactory/NewsPortal/venv/lib/python3.9/site-packages/django/template/response.py", line 114, in render
    self.content = self.rendered_content
  File "/home/sergey/SkillFactory/NewsPortal/venv/lib/python3.9/site-packages/django/template/response.py", line 92, in rendered_content
    return template.render(context, self._request)
  File "/home/sergey/SkillFactory/NewsPortal/venv/lib/python3.9/site-packages/django/template/backends/django.py", line 62, in render
    return self.template.render(context)
  File "/home/sergey/SkillFactory/NewsPortal/venv/lib/python3.9/site-packages/django/template/base.py", line 173, in render
    with context.bind_template(self):
  File "/usr/lib/python3.9/contextlib.py", line 119, in __enter__
    return next(self.gen)
  File "/home/sergey/SkillFactory/NewsPortal/venv/lib/python3.9/site-packages/debug_toolbar/panels/templates/panel.py", line 45, in _request_context_bind_template
    context = processor(self.request)
  File "/home/sergey/SkillFactory/NewsPortal/NewsPaper/news/context_processors.py", line 23, in navigate_context
    'current_time': datetime.now(request.session.get('django_timezone')),
TypeError: tzinfo argument must be None or of a tzinfo subclass, not type 'str'
ERROR::2022-09-11 19:53:47,548::"GET /215/ HTTP/1.1" 500 121523::/home/sergey/SkillFactory/NewsPortal/venv/lib/python3.9/site-packages/django/core/servers/basehttp.py::None
ERROR::2022-09-11 20:09:09,304::Internal Server Error: /215/::/home/sergey/SkillFactory/NewsPortal/venv/lib/python3.9/site-packages/django/utils/log.py::(<class 'TypeError'>, TypeError("tzinfo argument must be None or of a tzinfo subclass, not type 'str'"), <traceback object at 0x7fc6c0799500>)
Traceback (most recent call last):
  File "/home/sergey/SkillFactory/NewsPortal/venv/lib/python3.9/site-packages/django/core/handlers/exception.py", line 55, in inner
    response = get_response(request)
  File "/home/sergey/SkillFactory/NewsPortal/venv/lib/python3.9/site-packages/django/core/handlers/base.py", line 220, in _get_response
    response = response.render()
  File "/home/sergey/SkillFactory/NewsPortal/venv/lib/python3.9/site-packages/django/template/response.py", line 114, in render
    self.content = self.rendered_content
  File "/home/sergey/SkillFactory/NewsPortal/venv/lib/python3.9/site-packages/django/template/response.py", line 92, in rendered_content
    return template.render(context, self._request)
  File "/home/sergey/SkillFactory/NewsPortal/venv/lib/python3.9/site-packages/django/template/backends/django.py", line 62, in render
    return self.template.render(context)
  File "/home/sergey/SkillFactory/NewsPortal/venv/lib/python3.9/site-packages/django/template/base.py", line 173, in render
    with context.bind_template(self):
  File "/usr/lib/python3.9/contextlib.py", line 119, in __enter__
    return next(self.gen)
  File "/home/sergey/SkillFactory/NewsPortal/venv/lib/python3.9/site-packages/debug_toolbar/panels/templates/panel.py", line 45, in _request_context_bind_template
    context = processor(self.request)
  File "/home/sergey/SkillFactory/NewsPortal/NewsPaper/news/context_processors.py", line 23, in navigate_context
    'current_time': timezone.now().astimezone(request.session.get('django_timezone')),
TypeError: tzinfo argument must be None or of a tzinfo subclass, not type 'str'
ERROR::2022-09-11 20:09:09,818::"GET /215/ HTTP/1.1" 500 121550::/home/sergey/SkillFactory/NewsPortal/venv/lib/python3.9/site-packages/django/core/servers/basehttp.py::None
ERROR::2022-09-11 21:57:03,653::Internal Server Error: /archive/2022/8/::/home/sergey/SkillFactory/NewsPortal/venv/lib/python3.9/site-packages/django/utils/log.py::(<class 'django.template.exceptions.TemplateSyntaxError'>, TemplateSyntaxError("Invalid block tag on line 10: 'get_current_timezone', expected 'endcache'. Did you forget to register or load this tag?"), <traceback object at 0x7fd1d8b7f0c0>)
Traceback (most recent call last):
  File "/home/sergey/SkillFactory/NewsPortal/venv/lib/python3.9/site-packages/django/template/base.py", line 505, in parse
    compile_func = self.tags[command]
KeyError: 'get_current_timezone'

During handling of the above exception, another exception occurred:

Traceback (most recent call last):
  File "/home/sergey/SkillFactory/NewsPortal/venv/lib/python3.9/site-packages/django/core/handlers/exception.py", line 55, in inner
    response = get_response(request)
  File "/home/sergey/SkillFactory/NewsPortal/venv/lib/python3.9/site-packages/django/core/handlers/base.py", line 220, in _get_response
    response = response.render()
  File "/home/sergey/SkillFactory/NewsPortal/venv/lib/python3.9/site-packages/django/template/response.py", line 114, in render
    self.content = self.rendered_content
  File "/home/sergey/SkillFactory/NewsPortal/venv/lib/python3.9/site-packages/django/template/response.py", line 92, in rendered_content
    return template.render(context, self._request)
  File "/home/sergey/SkillFactory/NewsPortal/venv/lib/python3.9/site-packages/django/template/backends/django.py", line 62, in render
    return self.template.render(context)
  File "/home/sergey/SkillFactory/NewsPortal/venv/lib/python3.9/site-packages/django/template/base.py", line 175, in render
    return self._render(context)
  File "/home/sergey/SkillFactory/NewsPortal/venv/lib/python3.9/site-packages/django/test/utils.py", line 111, in instrumented_test_render
    return self.nodelist.render(context)
  File "/home/sergey/SkillFactory/NewsPortal/venv/lib/python3.9/site-packages/django/template/base.py", line 1005, in render
    return SafeString("".join([node.render_annotated(context) for node in self]))
  File "/home/sergey/SkillFactory/NewsPortal/venv/lib/python3.9/site-packages/django/template/base.py", line 1005, in <listcomp>
    return SafeString("".join([node.render_annotated(context) for node in self]))
  File "/home/sergey/SkillFactory/NewsPortal/venv/lib/python3.9/site-packages/django/template/base.py", line 966, in render_annotated
    return self.render(context)
  File "/home/sergey/SkillFactory/NewsPortal/venv/lib/python3.9/site-packages/django/template/loader_tags.py", line 157, in render
    return compiled_parent._render(context)
  File "/home/sergey/SkillFactory/NewsPortal/venv/lib/python3.9/site-packages/django/test/utils.py", line 111, in instrumented_test_render
    return self.nodelist.render(context)
  File "/home/sergey/SkillFactory/NewsPortal/venv/lib/python3.9/site-packages/django/template/base.py", line 1005, in render
    return SafeString("".join([node.render_annotated(context) for node in self]))
  File "/home/sergey/SkillFactory/NewsPortal/venv/lib/python3.9/site-packages/django/template/base.py", line 1005, in <listcomp>
    return SafeString("".join([node.render_annotated(context) for node in self]))
  File "/home/sergey/SkillFactory/NewsPortal/venv/lib/python3.9/site-packages/django/template/base.py", line 966, in render_annotated
    return self.render(context)
  File "/home/sergey/SkillFactory/NewsPortal/venv/lib/python3.9/site-packages/django/template/loader_tags.py", line 197, in render
    template = context.template.engine.select_template(template_name)
  File "/home/sergey/SkillFactory/NewsPortal/venv/lib/python3.9/site-packages/django/template/engine.py", line 206, in select_template
    return self.get_template(template_name)
  File "/home/sergey/SkillFactory/NewsPortal/venv/lib/python3.9/site-packages/django/template/engine.py", line 175, in get_template
    template, origin = self.find_template(template_name)
  File "/home/sergey/SkillFactory/NewsPortal/venv/lib/python3.9/site-packages/django/template/engine.py", line 157, in find_template
    template = loader.get_template(name, skip=skip)
  File "/home/sergey/SkillFactory/NewsPortal/venv/lib/python3.9/site-packages/django/template/loaders/cached.py", line 57, in get_template
    template = super().get_template(template_name, skip)
  File "/home/sergey/SkillFactory/NewsPortal/venv/lib/python3.9/site-packages/django/template/loaders/base.py", line 28, in get_template
    return Template(
  File "/home/sergey/SkillFactory/NewsPortal/venv/lib/python3.9/site-packages/django/template/base.py", line 154, in __init__
    self.nodelist = self.compile_nodelist()
  File "/home/sergey/SkillFactory/NewsPortal/venv/lib/python3.9/site-packages/django/template/base.py", line 200, in compile_nodelist
    return parser.parse()
  File "/home/sergey/SkillFactory/NewsPortal/venv/lib/python3.9/site-packages/django/template/base.py", line 513, in parse
    raise self.error(token, e)
  File "/home/sergey/SkillFactory/NewsPortal/venv/lib/python3.9/site-packages/django/template/base.py", line 511, in parse
    compiled_result = compile_func(self, token)
  File "/home/sergey/SkillFactory/NewsPortal/venv/lib/python3.9/site-packages/django/templatetags/cache.py", line 84, in do_cache
    nodelist = parser.parse(("endcache",))
  File "/home/sergey/SkillFactory/NewsPortal/venv/lib/python3.9/site-packages/django/template/base.py", line 507, in parse
    self.invalid_block_tag(token, command, parse_until)
  File "/home/sergey/SkillFactory/NewsPortal/venv/lib/python3.9/site-packages/django/template/base.py", line 558, in invalid_block_tag
    raise self.error(
django.template.exceptions.TemplateSyntaxError: Invalid block tag on line 10: 'get_current_timezone', expected 'endcache'. Did you forget to register or load this tag?
ERROR::2022-09-11 21:57:03,728::"GET /archive/2022/8/ HTTP/1.1" 500 291782::/home/sergey/SkillFactory/NewsPortal/venv/lib/python3.9/site-packages/django/core/servers/basehttp.py::None
ERROR::2022-09-12 18:37:00,191::Internal Server Error: /::/home/sergey/SkillFactory/NewsPortal/venv/lib/python3.9/site-packages/django/utils/log.py::(<class 'django.template.exceptions.TemplateSyntaxError'>, TemplateSyntaxError("Invalid block tag on line 6: 'get_current_timezone'. Did you forget to register or load this tag?"), <traceback object at 0x7f4335864940>)
Traceback (most recent call last):
  File "/home/sergey/SkillFactory/NewsPortal/venv/lib/python3.9/site-packages/django/template/base.py", line 505, in parse
    compile_func = self.tags[command]
KeyError: 'get_current_timezone'

During handling of the above exception, another exception occurred:

Traceback (most recent call last):
  File "/home/sergey/SkillFactory/NewsPortal/venv/lib/python3.9/site-packages/django/core/handlers/exception.py", line 55, in inner
    response = get_response(request)
  File "/home/sergey/SkillFactory/NewsPortal/venv/lib/python3.9/site-packages/django/core/handlers/base.py", line 220, in _get_response
    response = response.render()
  File "/home/sergey/SkillFactory/NewsPortal/venv/lib/python3.9/site-packages/django/template/response.py", line 114, in render
    self.content = self.rendered_content
  File "/home/sergey/SkillFactory/NewsPortal/venv/lib/python3.9/site-packages/django/template/response.py", line 90, in rendered_content
    template = self.resolve_template(self.template_name)
  File "/home/sergey/SkillFactory/NewsPortal/venv/lib/python3.9/site-packages/django/template/response.py", line 72, in resolve_template
    return select_template(template, using=self.using)
  File "/home/sergey/SkillFactory/NewsPortal/venv/lib/python3.9/site-packages/django/template/loader.py", line 42, in select_template
    return engine.get_template(template_name)
  File "/home/sergey/SkillFactory/NewsPortal/venv/lib/python3.9/site-packages/django/template/backends/django.py", line 34, in get_template
    return Template(self.engine.get_template(template_name), self)
  File "/home/sergey/SkillFactory/NewsPortal/venv/lib/python3.9/site-packages/django/template/engine.py", line 175, in get_template
    template, origin = self.find_template(template_name)
  File "/home/sergey/SkillFactory/NewsPortal/venv/lib/python3.9/site-packages/django/template/engine.py", line 157, in find_template
    template = loader.get_template(name, skip=skip)
  File "/home/sergey/SkillFactory/NewsPortal/venv/lib/python3.9/site-packages/django/template/loaders/cached.py", line 57, in get_template
    template = super().get_template(template_name, skip)
  File "/home/sergey/SkillFactory/NewsPortal/venv/lib/python3.9/site-packages/django/template/loaders/base.py", line 28, in get_template
    return Template(
  File "/home/sergey/SkillFactory/NewsPortal/venv/lib/python3.9/site-packages/django/template/base.py", line 154, in __init__
    self.nodelist = self.compile_nodelist()
  File "/home/sergey/SkillFactory/NewsPortal/venv/lib/python3.9/site-packages/django/template/base.py", line 200, in compile_nodelist
    return parser.parse()
  File "/home/sergey/SkillFactory/NewsPortal/venv/lib/python3.9/site-packages/django/template/base.py", line 513, in parse
    raise self.error(token, e)
  File "/home/sergey/SkillFactory/NewsPortal/venv/lib/python3.9/site-packages/django/template/base.py", line 511, in parse
    compiled_result = compile_func(self, token)
  File "/home/sergey/SkillFactory/NewsPortal/venv/lib/python3.9/site-packages/django/template/loader_tags.py", line 293, in do_extends
    nodelist = parser.parse()
  File "/home/sergey/SkillFactory/NewsPortal/venv/lib/python3.9/site-packages/django/template/base.py", line 507, in parse
    self.invalid_block_tag(token, command, parse_until)
  File "/home/sergey/SkillFactory/NewsPortal/venv/lib/python3.9/site-packages/django/template/base.py", line 568, in invalid_block_tag
    raise self.error(
django.template.exceptions.TemplateSyntaxError: Invalid block tag on line 6: 'get_current_timezone'. Did you forget to register or load this tag?
ERROR::2022-09-12 18:37:00,285::"GET / HTTP/1.1" 500 187724::/home/sergey/SkillFactory/NewsPortal/venv/lib/python3.9/site-packages/django/core/servers/basehttp.py::None
ERROR::2022-09-12 23:04:13,425::Internal Server Error: /::/home/sergey/SkillFactory/NewsPortal/venv/lib/python3.9/site-packages/django/utils/log.py::(<class 'django.template.exceptions.TemplateSyntaxError'>, TemplateSyntaxError('"cache" tag got a non-integer timeout value: \'\''), <traceback object at 0x7f10d60daec0>)
Traceback (most recent call last):
  File "/home/sergey/SkillFactory/NewsPortal/venv/lib/python3.9/site-packages/django/templatetags/cache.py", line 25, in render
    expire_time = int(expire_time)
ValueError: invalid literal for int() with base 10: ''

During handling of the above exception, another exception occurred:

Traceback (most recent call last):
  File "/home/sergey/SkillFactory/NewsPortal/venv/lib/python3.9/site-packages/django/core/handlers/exception.py", line 55, in inner
    response = get_response(request)
  File "/home/sergey/SkillFactory/NewsPortal/venv/lib/python3.9/site-packages/django/core/handlers/base.py", line 220, in _get_response
    response = response.render()
  File "/home/sergey/SkillFactory/NewsPortal/venv/lib/python3.9/site-packages/django/template/response.py", line 114, in render
    self.content = self.rendered_content
  File "/home/sergey/SkillFactory/NewsPortal/venv/lib/python3.9/site-packages/django/template/response.py", line 92, in rendered_content
    return template.render(context, self._request)
  File "/home/sergey/SkillFactory/NewsPortal/venv/lib/python3.9/site-packages/django/template/backends/django.py", line 62, in render
    return self.template.render(context)
  File "/home/sergey/SkillFactory/NewsPortal/venv/lib/python3.9/site-packages/django/template/base.py", line 175, in render
    return self._render(context)
  File "/home/sergey/SkillFactory/NewsPortal/venv/lib/python3.9/site-packages/django/test/utils.py", line 111, in instrumented_test_render
    return self.nodelist.render(context)
  File "/home/sergey/SkillFactory/NewsPortal/venv/lib/python3.9/site-packages/django/template/base.py", line 1005, in render
    return SafeString("".join([node.render_annotated(context) for node in self]))
  File "/home/sergey/SkillFactory/NewsPortal/venv/lib/python3.9/site-packages/django/template/base.py", line 1005, in <listcomp>
    return SafeString("".join([node.render_annotated(context) for node in self]))
  File "/home/sergey/SkillFactory/NewsPortal/venv/lib/python3.9/site-packages/django/template/base.py", line 966, in render_annotated
    return self.render(context)
  File "/home/sergey/SkillFactory/NewsPortal/venv/lib/python3.9/site-packages/django/template/loader_tags.py", line 157, in render
    return compiled_parent._render(context)
  File "/home/sergey/SkillFactory/NewsPortal/venv/lib/python3.9/site-packages/django/test/utils.py", line 111, in instrumented_test_render
    return self.nodelist.render(context)
  File "/home/sergey/SkillFactory/NewsPortal/venv/lib/python3.9/site-packages/django/template/base.py", line 1005, in render
    return SafeString("".join([node.render_annotated(context) for node in self]))
  File "/home/sergey/SkillFactory/NewsPortal/venv/lib/python3.9/site-packages/django/template/base.py", line 1005, in <listcomp>
    return SafeString("".join([node.render_annotated(context) for node in self]))
  File "/home/sergey/SkillFactory/NewsPortal/venv/lib/python3.9/site-packages/django/template/base.py", line 966, in render_annotated
    return self.render(context)
  File "/home/sergey/SkillFactory/NewsPortal/venv/lib/python3.9/site-packages/django/template/loader_tags.py", line 208, in render
    return template.render(context)
  File "/home/sergey/SkillFactory/NewsPortal/venv/lib/python3.9/site-packages/django/template/base.py", line 177, in render
    return self._render(context)
  File "/home/sergey/SkillFactory/NewsPortal/venv/lib/python3.9/site-packages/django/test/utils.py", line 111, in instrumented_test_render
    return self.nodelist.render(context)
  File "/home/sergey/SkillFactory/NewsPortal/venv/lib/python3.9/site-packages/django/template/base.py", line 1005, in render
    return SafeString("".join([node.render_annotated(context) for node in self]))
  File "/home/sergey/SkillFactory/NewsPortal/venv/lib/python3.9/site-packages/django/template/base.py", line 1005, in <listcomp>
    return SafeString("".join([node.render_annotated(context) for node in self]))
  File "/home/sergey/SkillFactory/NewsPortal/venv/lib/python3.9/site-packages/django/template/base.py", line 966, in render_annotated
    return self.render(context)
  File "/home/sergey/SkillFactory/NewsPortal/venv/lib/python3.9/site-packages/django/templatetags/cache.py", line 27, in render
    raise TemplateSyntaxError(
django.template.exceptions.TemplateSyntaxError: "cache" tag got a non-integer timeout value: ''
ERROR::2022-09-12 23:04:13,645::"GET / HTTP/1.1" 500 251671::/home/sergey/SkillFactory/NewsPortal/venv/lib/python3.9/site-packages/django/core/servers/basehttp.py::None
ERROR::2022-09-12 23:24:08,799::Internal Server Error: /::/home/sergey/SkillFactory/NewsPortal/venv/lib/python3.9/site-packages/django/utils/log.py::(<class 'django.template.exceptions.TemplateSyntaxError'>, TemplateSyntaxError("Invalid block tag on line 45: 'endcache', expected 'empty' or 'endfor'. Did you forget to register or load this tag?"), <traceback object at 0x7f6a6e8caf00>)
Traceback (most recent call last):
  File "/home/sergey/SkillFactory/NewsPortal/venv/lib/python3.9/site-packages/django/template/base.py", line 505, in parse
    compile_func = self.tags[command]
KeyError: 'endcache'

During handling of the above exception, another exception occurred:

Traceback (most recent call last):
  File "/home/sergey/SkillFactory/NewsPortal/venv/lib/python3.9/site-packages/django/core/handlers/exception.py", line 55, in inner
    response = get_response(request)
  File "/home/sergey/SkillFactory/NewsPortal/venv/lib/python3.9/site-packages/django/core/handlers/base.py", line 220, in _get_response
    response = response.render()
  File "/home/sergey/SkillFactory/NewsPortal/venv/lib/python3.9/site-packages/django/template/response.py", line 114, in render
    self.content = self.rendered_content
  File "/home/sergey/SkillFactory/NewsPortal/venv/lib/python3.9/site-packages/django/template/response.py", line 92, in rendered_content
    return template.render(context, self._request)
  File "/home/sergey/SkillFactory/NewsPortal/venv/lib/python3.9/site-packages/django/template/backends/django.py", line 62, in render
    return self.template.render(context)
  File "/home/sergey/SkillFactory/NewsPortal/venv/lib/python3.9/site-packages/django/template/base.py", line 175, in render
    return self._render(context)
  File "/home/sergey/SkillFactory/NewsPortal/venv/lib/python3.9/site-packages/django/test/utils.py", line 111, in instrumented_test_render
    return self.nodelist.render(context)
  File "/home/sergey/SkillFactory/NewsPortal/venv/lib/python3.9/site-packages/django/template/base.py", line 1005, in render
    return SafeString("".join([node.render_annotated(context) for node in self]))
  File "/home/sergey/SkillFactory/NewsPortal/venv/lib/python3.9/site-packages/django/template/base.py", line 1005, in <listcomp>
    return SafeString("".join([node.render_annotated(context) for node in self]))
  File "/home/sergey/SkillFactory/NewsPortal/venv/lib/python3.9/site-packages/django/template/base.py", line 966, in render_annotated
    return self.render(context)
  File "/home/sergey/SkillFactory/NewsPortal/venv/lib/python3.9/site-packages/django/template/loader_tags.py", line 157, in render
    return compiled_parent._render(context)
  File "/home/sergey/SkillFactory/NewsPortal/venv/lib/python3.9/site-packages/django/test/utils.py", line 111, in instrumented_test_render
    return self.nodelist.render(context)
  File "/home/sergey/SkillFactory/NewsPortal/venv/lib/python3.9/site-packages/django/template/base.py", line 1005, in render
    return SafeString("".join([node.render_annotated(context) for node in self]))
  File "/home/sergey/SkillFactory/NewsPortal/venv/lib/python3.9/site-packages/django/template/base.py", line 1005, in <listcomp>
    return SafeString("".join([node.render_annotated(context) for node in self]))
  File "/home/sergey/SkillFactory/NewsPortal/venv/lib/python3.9/site-packages/django/template/base.py", line 966, in render_annotated
    return self.render(context)
  File "/home/sergey/SkillFactory/NewsPortal/venv/lib/python3.9/site-packages/django/template/loader_tags.py", line 197, in render
    template = context.template.engine.select_template(template_name)
  File "/home/sergey/SkillFactory/NewsPortal/venv/lib/python3.9/site-packages/django/template/engine.py", line 206, in select_template
    return self.get_template(template_name)
  File "/home/sergey/SkillFactory/NewsPortal/venv/lib/python3.9/site-packages/django/template/engine.py", line 175, in get_template
    template, origin = self.find_template(template_name)
  File "/home/sergey/SkillFactory/NewsPortal/venv/lib/python3.9/site-packages/django/template/engine.py", line 157, in find_template
    template = loader.get_template(name, skip=skip)
  File "/home/sergey/SkillFactory/NewsPortal/venv/lib/python3.9/site-packages/django/template/loaders/cached.py", line 57, in get_template
    template = super().get_template(template_name, skip)
  File "/home/sergey/SkillFactory/NewsPortal/venv/lib/python3.9/site-packages/django/template/loaders/base.py", line 28, in get_template
    return Template(
  File "/home/sergey/SkillFactory/NewsPortal/venv/lib/python3.9/site-packages/django/template/base.py", line 154, in __init__
    self.nodelist = self.compile_nodelist()
  File "/home/sergey/SkillFactory/NewsPortal/venv/lib/python3.9/site-packages/django/template/base.py", line 200, in compile_nodelist
    return parser.parse()
  File "/home/sergey/SkillFactory/NewsPortal/venv/lib/python3.9/site-packages/django/template/base.py", line 513, in parse
    raise self.error(token, e)
  File "/home/sergey/SkillFactory/NewsPortal/venv/lib/python3.9/site-packages/django/template/base.py", line 511, in parse
    compiled_result = compile_func(self, token)
  File "/home/sergey/SkillFactory/NewsPortal/venv/lib/python3.9/site-packages/django/template/defaulttags.py", line 854, in do_for
    nodelist_loop = parser.parse(
  File "/home/sergey/SkillFactory/NewsPortal/venv/lib/python3.9/site-packages/django/template/base.py", line 507, in parse
    self.invalid_block_tag(token, command, parse_until)
  File "/home/sergey/SkillFactory/NewsPortal/venv/lib/python3.9/site-packages/django/template/base.py", line 558, in invalid_block_tag
    raise self.error(
django.template.exceptions.TemplateSyntaxError: Invalid block tag on line 45: 'endcache', expected 'empty' or 'endfor'. Did you forget to register or load this tag?
ERROR::2022-09-12 23:24:09,122::"GET / HTTP/1.1" 500 284226::/home/sergey/SkillFactory/NewsPortal/venv/lib/python3.9/site-packages/django/core/servers/basehttp.py::None
ERROR::2022-09-12 23:27:39,697::Internal Server Error: /::/home/sergey/SkillFactory/NewsPortal/venv/lib/python3.9/site-packages/django/utils/log.py::(<class 'django.template.exceptions.TemplateSyntaxError'>, TemplateSyntaxError("Unclosed tag on line 39: 'for'. Looking for one of: empty, endfor."), <traceback object at 0x7f6a6e7eab00>)
Traceback (most recent call last):
  File "/home/sergey/SkillFactory/NewsPortal/venv/lib/python3.9/site-packages/django/core/handlers/exception.py", line 55, in inner
    response = get_response(request)
  File "/home/sergey/SkillFactory/NewsPortal/venv/lib/python3.9/site-packages/django/core/handlers/base.py", line 220, in _get_response
    response = response.render()
  File "/home/sergey/SkillFactory/NewsPortal/venv/lib/python3.9/site-packages/django/template/response.py", line 114, in render
    self.content = self.rendered_content
  File "/home/sergey/SkillFactory/NewsPortal/venv/lib/python3.9/site-packages/django/template/response.py", line 92, in rendered_content
    return template.render(context, self._request)
  File "/home/sergey/SkillFactory/NewsPortal/venv/lib/python3.9/site-packages/django/template/backends/django.py", line 62, in render
    return self.template.render(context)
  File "/home/sergey/SkillFactory/NewsPortal/venv/lib/python3.9/site-packages/django/template/base.py", line 175, in render
    return self._render(context)
  File "/home/sergey/SkillFactory/NewsPortal/venv/lib/python3.9/site-packages/django/test/utils.py", line 111, in instrumented_test_render
    return self.nodelist.render(context)
  File "/home/sergey/SkillFactory/NewsPortal/venv/lib/python3.9/site-packages/django/template/base.py", line 1005, in render
    return SafeString("".join([node.render_annotated(context) for node in self]))
  File "/home/sergey/SkillFactory/NewsPortal/venv/lib/python3.9/site-packages/django/template/base.py", line 1005, in <listcomp>
    return SafeString("".join([node.render_annotated(context) for node in self]))
  File "/home/sergey/SkillFactory/NewsPortal/venv/lib/python3.9/site-packages/django/template/base.py", line 966, in render_annotated
    return self.render(context)
  File "/home/sergey/SkillFactory/NewsPortal/venv/lib/python3.9/site-packages/django/template/loader_tags.py", line 157, in render
    return compiled_parent._render(context)
  File "/home/sergey/SkillFactory/NewsPortal/venv/lib/python3.9/site-packages/django/test/utils.py", line 111, in instrumented_test_render
    return self.nodelist.render(context)
  File "/home/sergey/SkillFactory/NewsPortal/venv/lib/python3.9/site-packages/django/template/base.py", line 1005, in render
    return SafeString("".join([node.render_annotated(context) for node in self]))
  File "/home/sergey/SkillFactory/NewsPortal/venv/lib/python3.9/site-packages/django/template/base.py", line 1005, in <listcomp>
    return SafeString("".join([node.render_annotated(context) for node in self]))
  File "/home/sergey/SkillFactory/NewsPortal/venv/lib/python3.9/site-packages/django/template/base.py", line 966, in render_annotated
    return self.render(context)
  File "/home/sergey/SkillFactory/NewsPortal/venv/lib/python3.9/site-packages/django/template/loader_tags.py", line 197, in render
    template = context.template.engine.select_template(template_name)
  File "/home/sergey/SkillFactory/NewsPortal/venv/lib/python3.9/site-packages/django/template/engine.py", line 206, in select_template
    return self.get_template(template_name)
  File "/home/sergey/SkillFactory/NewsPortal/venv/lib/python3.9/site-packages/django/template/engine.py", line 175, in get_template
    template, origin = self.find_template(template_name)
  File "/home/sergey/SkillFactory/NewsPortal/venv/lib/python3.9/site-packages/django/template/engine.py", line 157, in find_template
    template = loader.get_template(name, skip=skip)
  File "/home/sergey/SkillFactory/NewsPortal/venv/lib/python3.9/site-packages/django/template/loaders/cached.py", line 57, in get_template
    template = super().get_template(template_name, skip)
  File "/home/sergey/SkillFactory/NewsPortal/venv/lib/python3.9/site-packages/django/template/loaders/base.py", line 28, in get_template
    return Template(
  File "/home/sergey/SkillFactory/NewsPortal/venv/lib/python3.9/site-packages/django/template/base.py", line 154, in __init__
    self.nodelist = self.compile_nodelist()
  File "/home/sergey/SkillFactory/NewsPortal/venv/lib/python3.9/site-packages/django/template/base.py", line 200, in compile_nodelist
    return parser.parse()
  File "/home/sergey/SkillFactory/NewsPortal/venv/lib/python3.9/site-packages/django/template/base.py", line 513, in parse
    raise self.error(token, e)
  File "/home/sergey/SkillFactory/NewsPortal/venv/lib/python3.9/site-packages/django/template/base.py", line 511, in parse
    compiled_result = compile_func(self, token)
  File "/home/sergey/SkillFactory/NewsPortal/venv/lib/python3.9/site-packages/django/template/defaulttags.py", line 854, in do_for
    nodelist_loop = parser.parse(
  File "/home/sergey/SkillFactory/NewsPortal/venv/lib/python3.9/site-packages/django/template/base.py", line 518, in parse
    self.unclosed_block_tag(parse_until)
  File "/home/sergey/SkillFactory/NewsPortal/venv/lib/python3.9/site-packages/django/template/base.py", line 581, in unclosed_block_tag
    raise self.error(token, msg)
django.template.exceptions.TemplateSyntaxError: Unclosed tag on line 39: 'for'. Looking for one of: empty, endfor.
ERROR::2022-09-12 23:27:39,847::"GET / HTTP/1.1" 500 277038::/home/sergey/SkillFactory/NewsPortal/venv/lib/python3.9/site-packages/django/core/servers/basehttp.py::None
ERROR::2022-09-13 17:54:52,696::Internal Server Error: /::/home/sergey/SkillFactory/NewsPortal/venv/lib/python3.9/site-packages/django/utils/log.py::(<class 'AttributeError'>, AttributeError("'QuerySet' object has no attribute 'timezone'"), <traceback object at 0x7fc419a9be40>)
Traceback (most recent call last):
  File "/home/sergey/SkillFactory/NewsPortal/venv/lib/python3.9/site-packages/django/core/handlers/exception.py", line 55, in inner
    response = get_response(request)
  File "/home/sergey/SkillFactory/NewsPortal/NewsPaper/news/middlewares.py", line 14, in __call__
    ai = Author.objects.filter(author_user=request.user.id).timezone
AttributeError: 'QuerySet' object has no attribute 'timezone'
ERROR::2022-09-13 17:54:52,855::"GET / HTTP/1.1" 500 86434::/home/sergey/SkillFactory/NewsPortal/venv/lib/python3.9/site-packages/django/core/servers/basehttp.py::None
ERROR::2022-09-13 20:14:09,457::Internal Server Error: /save_local/::/home/sergey/SkillFactory/NewsPortal/venv/lib/python3.9/site-packages/django/utils/log.py::(<class 'AttributeError'>, AttributeError("'WSGIRequest' object has no attribute 'get'"), <traceback object at 0x7f20b73ed340>)
Traceback (most recent call last):
  File "/home/sergey/SkillFactory/NewsPortal/venv/lib/python3.9/site-packages/django/core/handlers/exception.py", line 55, in inner
    response = get_response(request)
  File "/home/sergey/SkillFactory/NewsPortal/venv/lib/python3.9/site-packages/django/core/handlers/base.py", line 197, in _get_response
    response = wrapped_callback(request, *callback_args, **callback_kwargs)
  File "/home/sergey/SkillFactory/NewsPortal/NewsPaper/news/views.py", line 289, in set_local_for_user
    print(request.get('user'))
AttributeError: 'WSGIRequest' object has no attribute 'get'
ERROR::2022-09-13 20:14:09,906::"POST /save_local/ HTTP/1.1" 500 91875::/home/sergey/SkillFactory/NewsPortal/venv/lib/python3.9/site-packages/django/core/servers/basehttp.py::None
ERROR::2022-09-13 21:21:51,096::Internal Server Error: /accounts/logout/::/home/sergey/SkillFactory/NewsPortal/venv/lib/python3.9/site-packages/django/utils/log.py::(<class 'AttributeError'>, AttributeError("'QuerySet' object has no attribute 'timezone'"), <traceback object at 0x7f79071e2140>)
Traceback (most recent call last):
  File "/home/sergey/SkillFactory/NewsPortal/venv/lib/python3.9/site-packages/django/core/handlers/exception.py", line 55, in inner
    response = get_response(request)
  File "/home/sergey/SkillFactory/NewsPortal/NewsPaper/news/middlewares.py", line 18, in __call__
    tzname = user_locale.timezone
AttributeError: 'QuerySet' object has no attribute 'timezone'
ERROR::2022-09-13 21:21:51,257::"GET /accounts/logout/ HTTP/1.1" 500 85952::/home/sergey/SkillFactory/NewsPortal/venv/lib/python3.9/site-packages/django/core/servers/basehttp.py::None
ERROR::2022-09-13 21:23:21,123::Internal Server Error: /accounts/logout/::/home/sergey/SkillFactory/NewsPortal/venv/lib/python3.9/site-packages/django/utils/log.py::(<class 'ValueError'>, ValueError('too many values to unpack (expected 2)'), <traceback object at 0x7f38c1045280>)
Traceback (most recent call last):
  File "/home/sergey/SkillFactory/NewsPortal/venv/lib/python3.9/site-packages/django/core/handlers/exception.py", line 55, in inner
    response = get_response(request)
  File "/home/sergey/SkillFactory/NewsPortal/NewsPaper/news/middlewares.py", line 18, in __call__
    tzname = user_locale.get('timezone', 'UTC')
  File "/home/sergey/SkillFactory/NewsPortal/venv/lib/python3.9/site-packages/django/db/models/query.py", line 636, in get
    clone = self._chain() if self.query.combinator else self.filter(*args, **kwargs)
  File "/home/sergey/SkillFactory/NewsPortal/venv/lib/python3.9/site-packages/django/db/models/query.py", line 1420, in filter
    return self._filter_or_exclude(False, args, kwargs)
  File "/home/sergey/SkillFactory/NewsPortal/venv/lib/python3.9/site-packages/django/db/models/query.py", line 1438, in _filter_or_exclude
    clone._filter_or_exclude_inplace(negate, args, kwargs)
  File "/home/sergey/SkillFactory/NewsPortal/venv/lib/python3.9/site-packages/django/db/models/query.py", line 1445, in _filter_or_exclude_inplace
    self._query.add_q(Q(*args, **kwargs))
  File "/home/sergey/SkillFactory/NewsPortal/venv/lib/python3.9/site-packages/django/db/models/sql/query.py", line 1532, in add_q
    clause, _ = self._add_q(q_object, self.used_aliases)
  File "/home/sergey/SkillFactory/NewsPortal/venv/lib/python3.9/site-packages/django/db/models/sql/query.py", line 1562, in _add_q
    child_clause, needed_inner = self.build_filter(
  File "/home/sergey/SkillFactory/NewsPortal/venv/lib/python3.9/site-packages/django/db/models/sql/query.py", line 1404, in build_filter
    arg, value = filter_expr
ValueError: too many values to unpack (expected 2)
ERROR::2022-09-13 21:23:21,348::"GET /accounts/logout/ HTTP/1.1" 500 118813::/home/sergey/SkillFactory/NewsPortal/venv/lib/python3.9/site-packages/django/core/servers/basehttp.py::None
ERROR::2022-09-13 21:23:59,561::Internal Server Error: /accounts/logout/::/home/sergey/SkillFactory/NewsPortal/venv/lib/python3.9/site-packages/django/utils/log.py::(<class 'ValueError'>, ValueError('too many values to unpack (expected 2)'), <traceback object at 0x7f1d950cebc0>)
Traceback (most recent call last):
  File "/home/sergey/SkillFactory/NewsPortal/venv/lib/python3.9/site-packages/django/core/handlers/exception.py", line 55, in inner
    response = get_response(request)
  File "/home/sergey/SkillFactory/NewsPortal/NewsPaper/news/middlewares.py", line 18, in __call__
    tzname = user_locale.get('timezone')
  File "/home/sergey/SkillFactory/NewsPortal/venv/lib/python3.9/site-packages/django/db/models/query.py", line 636, in get
    clone = self._chain() if self.query.combinator else self.filter(*args, **kwargs)
  File "/home/sergey/SkillFactory/NewsPortal/venv/lib/python3.9/site-packages/django/db/models/query.py", line 1420, in filter
    return self._filter_or_exclude(False, args, kwargs)
  File "/home/sergey/SkillFactory/NewsPortal/venv/lib/python3.9/site-packages/django/db/models/query.py", line 1438, in _filter_or_exclude
    clone._filter_or_exclude_inplace(negate, args, kwargs)
  File "/home/sergey/SkillFactory/NewsPortal/venv/lib/python3.9/site-packages/django/db/models/query.py", line 1445, in _filter_or_exclude_inplace
    self._query.add_q(Q(*args, **kwargs))
  File "/home/sergey/SkillFactory/NewsPortal/venv/lib/python3.9/site-packages/django/db/models/sql/query.py", line 1532, in add_q
    clause, _ = self._add_q(q_object, self.used_aliases)
  File "/home/sergey/SkillFactory/NewsPortal/venv/lib/python3.9/site-packages/django/db/models/sql/query.py", line 1562, in _add_q
    child_clause, needed_inner = self.build_filter(
  File "/home/sergey/SkillFactory/NewsPortal/venv/lib/python3.9/site-packages/django/db/models/sql/query.py", line 1404, in build_filter
    arg, value = filter_expr
ValueError: too many values to unpack (expected 2)
ERROR::2022-09-13 21:23:59,731::"GET /accounts/logout/ HTTP/1.1" 500 118689::/home/sergey/SkillFactory/NewsPortal/venv/lib/python3.9/site-packages/django/core/servers/basehttp.py::None
ERROR::2022-09-13 21:24:52,373::Internal Server Error: /accounts/logout/::/home/sergey/SkillFactory/NewsPortal/venv/lib/python3.9/site-packages/django/utils/log.py::(<class 'TypeError'>, TypeError('QuerySet indices must be integers or slices, not str.'), <traceback object at 0x7f33896ecd80>)
Traceback (most recent call last):
  File "/home/sergey/SkillFactory/NewsPortal/venv/lib/python3.9/site-packages/django/core/handlers/exception.py", line 55, in inner
    response = get_response(request)
  File "/home/sergey/SkillFactory/NewsPortal/NewsPaper/news/middlewares.py", line 18, in __call__
    tzname = user_locale['timezone']
  File "/home/sergey/SkillFactory/NewsPortal/venv/lib/python3.9/site-packages/django/db/models/query.py", line 414, in __getitem__
    raise TypeError(
TypeError: QuerySet indices must be integers or slices, not str.
ERROR::2022-09-13 21:24:52,556::"GET /accounts/logout/ HTTP/1.1" 500 89998::/home/sergey/SkillFactory/NewsPortal/venv/lib/python3.9/site-packages/django/core/servers/basehttp.py::None
ERROR::2022-09-13 21:25:06,600::Internal Server Error: /::/home/sergey/SkillFactory/NewsPortal/venv/lib/python3.9/site-packages/django/utils/log.py::(<class 'TypeError'>, TypeError('QuerySet indices must be integers or slices, not str.'), <traceback object at 0x7f3389fd4680>)
Traceback (most recent call last):
  File "/home/sergey/SkillFactory/NewsPortal/venv/lib/python3.9/site-packages/django/core/handlers/exception.py", line 55, in inner
    response = get_response(request)
  File "/home/sergey/SkillFactory/NewsPortal/NewsPaper/news/middlewares.py", line 18, in __call__
    tzname = user_locale['timezone']
  File "/home/sergey/SkillFactory/NewsPortal/venv/lib/python3.9/site-packages/django/db/models/query.py", line 414, in __getitem__
    raise TypeError(
TypeError: QuerySet indices must be integers or slices, not str.
ERROR::2022-09-13 21:25:06,665::"GET / HTTP/1.1" 500 89538::/home/sergey/SkillFactory/NewsPortal/venv/lib/python3.9/site-packages/django/core/servers/basehttp.py::None
ERROR::2022-09-13 21:29:34,292::Internal Server Error: /::/home/sergey/SkillFactory/NewsPortal/venv/lib/python3.9/site-packages/django/utils/log.py::(<class 'ValueError'>, ValueError('too many values to unpack (expected 2)'), <traceback object at 0x7f31fe99f180>)
Traceback (most recent call last):
  File "/home/sergey/SkillFactory/NewsPortal/venv/lib/python3.9/site-packages/django/core/handlers/exception.py", line 55, in inner
    response = get_response(request)
  File "/home/sergey/SkillFactory/NewsPortal/NewsPaper/news/middlewares.py", line 18, in __call__
    tzname = user_locale.get('timezone')
  File "/home/sergey/SkillFactory/NewsPortal/venv/lib/python3.9/site-packages/django/db/models/query.py", line 636, in get
    clone = self._chain() if self.query.combinator else self.filter(*args, **kwargs)
  File "/home/sergey/SkillFactory/NewsPortal/venv/lib/python3.9/site-packages/django/db/models/query.py", line 1420, in filter
    return self._filter_or_exclude(False, args, kwargs)
  File "/home/sergey/SkillFactory/NewsPortal/venv/lib/python3.9/site-packages/django/db/models/query.py", line 1438, in _filter_or_exclude
    clone._filter_or_exclude_inplace(negate, args, kwargs)
  File "/home/sergey/SkillFactory/NewsPortal/venv/lib/python3.9/site-packages/django/db/models/query.py", line 1445, in _filter_or_exclude_inplace
    self._query.add_q(Q(*args, **kwargs))
  File "/home/sergey/SkillFactory/NewsPortal/venv/lib/python3.9/site-packages/django/db/models/sql/query.py", line 1532, in add_q
    clause, _ = self._add_q(q_object, self.used_aliases)
  File "/home/sergey/SkillFactory/NewsPortal/venv/lib/python3.9/site-packages/django/db/models/sql/query.py", line 1562, in _add_q
    child_clause, needed_inner = self.build_filter(
  File "/home/sergey/SkillFactory/NewsPortal/venv/lib/python3.9/site-packages/django/db/models/sql/query.py", line 1404, in build_filter
    arg, value = filter_expr
ValueError: too many values to unpack (expected 2)
ERROR::2022-09-13 21:29:34,461::"GET / HTTP/1.1" 500 118360::/home/sergey/SkillFactory/NewsPortal/venv/lib/python3.9/site-packages/django/core/servers/basehttp.py::None
ERROR::2022-09-13 21:30:40,839::Internal Server Error: /::/home/sergey/SkillFactory/NewsPortal/venv/lib/python3.9/site-packages/django/utils/log.py::(<class 'ValueError'>, ValueError('too many values to unpack (expected 2)'), <traceback object at 0x7f5d10107040>)
Traceback (most recent call last):
  File "/home/sergey/SkillFactory/NewsPortal/venv/lib/python3.9/site-packages/django/core/handlers/exception.py", line 55, in inner
    response = get_response(request)
  File "/home/sergey/SkillFactory/NewsPortal/NewsPaper/news/middlewares.py", line 20, in __call__
    print(user_locale.get('timezone'), user_locale('language'))
  File "/home/sergey/SkillFactory/NewsPortal/venv/lib/python3.9/site-packages/django/db/models/query.py", line 636, in get
    clone = self._chain() if self.query.combinator else self.filter(*args, **kwargs)
  File "/home/sergey/SkillFactory/NewsPortal/venv/lib/python3.9/site-packages/django/db/models/query.py", line 1420, in filter
    return self._filter_or_exclude(False, args, kwargs)
  File "/home/sergey/SkillFactory/NewsPortal/venv/lib/python3.9/site-packages/django/db/models/query.py", line 1438, in _filter_or_exclude
    clone._filter_or_exclude_inplace(negate, args, kwargs)
  File "/home/sergey/SkillFactory/NewsPortal/venv/lib/python3.9/site-packages/django/db/models/query.py", line 1445, in _filter_or_exclude_inplace
    self._query.add_q(Q(*args, **kwargs))
  File "/home/sergey/SkillFactory/NewsPortal/venv/lib/python3.9/site-packages/django/db/models/sql/query.py", line 1532, in add_q
    clause, _ = self._add_q(q_object, self.used_aliases)
  File "/home/sergey/SkillFactory/NewsPortal/venv/lib/python3.9/site-packages/django/db/models/sql/query.py", line 1562, in _add_q
    child_clause, needed_inner = self.build_filter(
  File "/home/sergey/SkillFactory/NewsPortal/venv/lib/python3.9/site-packages/django/db/models/sql/query.py", line 1404, in build_filter
    arg, value = filter_expr
ValueError: too many values to unpack (expected 2)
ERROR::2022-09-13 21:30:41,036::"GET / HTTP/1.1" 500 118463::/home/sergey/SkillFactory/NewsPortal/venv/lib/python3.9/site-packages/django/core/servers/basehttp.py::None
ERROR::2022-09-13 21:32:16,561::Internal Server Error: /::/home/sergey/SkillFactory/NewsPortal/venv/lib/python3.9/site-packages/django/utils/log.py::(<class 'TypeError'>, TypeError('QuerySet indices must be integers or slices, not str.'), <traceback object at 0x7f137f5b6ec0>)
Traceback (most recent call last):
  File "/home/sergey/SkillFactory/NewsPortal/venv/lib/python3.9/site-packages/django/core/handlers/exception.py", line 55, in inner
    response = get_response(request)
  File "/home/sergey/SkillFactory/NewsPortal/NewsPaper/news/middlewares.py", line 20, in __call__
    print(user_locale['timezone'])
  File "/home/sergey/SkillFactory/NewsPortal/venv/lib/python3.9/site-packages/django/db/models/query.py", line 414, in __getitem__
    raise TypeError(
TypeError: QuerySet indices must be integers or slices, not str.
ERROR::2022-09-13 21:32:16,845::"GET / HTTP/1.1" 500 89708::/home/sergey/SkillFactory/NewsPortal/venv/lib/python3.9/site-packages/django/core/servers/basehttp.py::None
ERROR::2022-09-13 21:32:47,318::Internal Server Error: /::/home/sergey/SkillFactory/NewsPortal/venv/lib/python3.9/site-packages/django/utils/log.py::(<class 'AttributeError'>, AttributeError("'Author' object has no attribute 'values'"), <traceback object at 0x7ffbd4cd6f40>)
Traceback (most recent call last):
  File "/home/sergey/SkillFactory/NewsPortal/venv/lib/python3.9/site-packages/django/core/handlers/exception.py", line 55, in inner
    response = get_response(request)
  File "/home/sergey/SkillFactory/NewsPortal/NewsPaper/news/middlewares.py", line 14, in __call__
    user_locale = Author.objects.get(
AttributeError: 'Author' object has no attribute 'values'
ERROR::2022-09-13 21:32:47,522::"GET / HTTP/1.1" 500 85430::/home/sergey/SkillFactory/NewsPortal/venv/lib/python3.9/site-packages/django/core/servers/basehttp.py::None
ERROR::2022-09-13 21:33:25,546::Internal Server Error: /::/home/sergey/SkillFactory/NewsPortal/venv/lib/python3.9/site-packages/django/utils/log.py::(<class 'TypeError'>, TypeError("'Author' object is not subscriptable"), <traceback object at 0x7f57ec263ec0>)
Traceback (most recent call last):
  File "/home/sergey/SkillFactory/NewsPortal/venv/lib/python3.9/site-packages/django/core/handlers/exception.py", line 55, in inner
    response = get_response(request)
  File "/home/sergey/SkillFactory/NewsPortal/NewsPaper/news/middlewares.py", line 18, in __call__
    print(user_locale['timezone'])
TypeError: 'Author' object is not subscriptable
ERROR::2022-09-13 21:33:25,750::"GET / HTTP/1.1" 500 85611::/home/sergey/SkillFactory/NewsPortal/venv/lib/python3.9/site-packages/django/core/servers/basehttp.py::None
ERROR::2022-09-13 21:33:27,996::Internal Server Error: /::/home/sergey/SkillFactory/NewsPortal/venv/lib/python3.9/site-packages/django/utils/log.py::(<class 'TypeError'>, TypeError("'Author' object is not subscriptable"), <traceback object at 0x7f57ec1a7e00>)
Traceback (most recent call last):
  File "/home/sergey/SkillFactory/NewsPortal/venv/lib/python3.9/site-packages/django/core/handlers/exception.py", line 55, in inner
    response = get_response(request)
  File "/home/sergey/SkillFactory/NewsPortal/NewsPaper/news/middlewares.py", line 18, in __call__
    print(user_locale['timezone'])
TypeError: 'Author' object is not subscriptable
ERROR::2022-09-13 21:33:28,073::"GET / HTTP/1.1" 500 85611::/home/sergey/SkillFactory/NewsPortal/venv/lib/python3.9/site-packages/django/core/servers/basehttp.py::None
ERROR::2022-09-13 21:33:48,474::Internal Server Error: /::/home/sergey/SkillFactory/NewsPortal/venv/lib/python3.9/site-packages/django/utils/log.py::(<class 'NameError'>, NameError("name 'user_locale' is not defined"), <traceback object at 0x7fd6b5936080>)
Traceback (most recent call last):
  File "/home/sergey/SkillFactory/NewsPortal/venv/lib/python3.9/site-packages/django/core/handlers/exception.py", line 55, in inner
    response = get_response(request)
  File "/home/sergey/SkillFactory/NewsPortal/NewsPaper/news/middlewares.py", line 18, in __call__
    print(user_locale['timezone'])
NameError: name 'user_locale' is not defined
ERROR::2022-09-13 21:33:48,709::"GET / HTTP/1.1" 500 85420::/home/sergey/SkillFactory/NewsPortal/venv/lib/python3.9/site-packages/django/core/servers/basehttp.py::None
ERROR::2022-09-13 21:35:44,570::Internal Server Error: /::/home/sergey/SkillFactory/NewsPortal/venv/lib/python3.9/site-packages/django/utils/log.py::(<class 'news.models.Author.DoesNotExist'>, DoesNotExist('Author matching query does not exist.'), <traceback object at 0x7f25385a5d40>)
Traceback (most recent call last):
  File "/home/sergey/SkillFactory/NewsPortal/venv/lib/python3.9/site-packages/django/core/handlers/exception.py", line 55, in inner
    response = get_response(request)
  File "/home/sergey/SkillFactory/NewsPortal/NewsPaper/news/middlewares.py", line 14, in __call__
    user_locale = Author.objects.get(author_user=request.user.id)
  File "/home/sergey/SkillFactory/NewsPortal/venv/lib/python3.9/site-packages/django/db/models/manager.py", line 85, in manager_method
    return getattr(self.get_queryset(), name)(*args, **kwargs)
  File "/home/sergey/SkillFactory/NewsPortal/venv/lib/python3.9/site-packages/django/db/models/query.py", line 650, in get
    raise self.model.DoesNotExist(
news.models.Author.DoesNotExist: Author matching query does not exist.
ERROR::2022-09-13 21:35:44,766::"GET / HTTP/1.1" 500 94077::/home/sergey/SkillFactory/NewsPortal/venv/lib/python3.9/site-packages/django/core/servers/basehttp.py::None
ERROR::2022-09-13 21:37:28,378::Internal Server Error: /::/home/sergey/SkillFactory/NewsPortal/venv/lib/python3.9/site-packages/django/utils/log.py::(<class 'AttributeError'>, AttributeError("'QuerySet' object has no attribute 'timezone'"), <traceback object at 0x7f16382bef00>)
Traceback (most recent call last):
  File "/home/sergey/SkillFactory/NewsPortal/venv/lib/python3.9/site-packages/django/core/handlers/exception.py", line 55, in inner
    response = get_response(request)
  File "/home/sergey/SkillFactory/NewsPortal/NewsPaper/news/middlewares.py", line 18, in __call__
    print(user_locale.timezone)
AttributeError: 'QuerySet' object has no attribute 'timezone'
ERROR::2022-09-13 21:37:28,491::"GET / HTTP/1.1" 500 85566::/home/sergey/SkillFactory/NewsPortal/venv/lib/python3.9/site-packages/django/core/servers/basehttp.py::None
ERROR::2022-09-13 21:37:31,443::Internal Server Error: /::/home/sergey/SkillFactory/NewsPortal/venv/lib/python3.9/site-packages/django/utils/log.py::(<class 'AttributeError'>, AttributeError("'QuerySet' object has no attribute 'timezone'"), <traceback object at 0x7f163831d4c0>)
Traceback (most recent call last):
  File "/home/sergey/SkillFactory/NewsPortal/venv/lib/python3.9/site-packages/django/core/handlers/exception.py", line 55, in inner
    response = get_response(request)
  File "/home/sergey/SkillFactory/NewsPortal/NewsPaper/news/middlewares.py", line 18, in __call__
    print(user_locale.timezone)
AttributeError: 'QuerySet' object has no attribute 'timezone'
ERROR::2022-09-13 21:37:31,509::"GET / HTTP/1.1" 500 85566::/home/sergey/SkillFactory/NewsPortal/venv/lib/python3.9/site-packages/django/core/servers/basehttp.py::None
ERROR::2022-09-13 21:58:34,190::Internal Server Error: /::/home/sergey/SkillFactory/NewsPortal/venv/lib/python3.9/site-packages/django/utils/log.py::(<class 'news.models.Author.DoesNotExist'>, DoesNotExist('Author matching query does not exist.'), <traceback object at 0x7fd50a97dd80>)
Traceback (most recent call last):
  File "/home/sergey/SkillFactory/NewsPortal/venv/lib/python3.9/site-packages/django/core/handlers/exception.py", line 55, in inner
    response = get_response(request)
  File "/home/sergey/SkillFactory/NewsPortal/NewsPaper/news/middlewares.py", line 18, in __call__
    user_info = Author.objects.get(author_user=request.user.id)
  File "/home/sergey/SkillFactory/NewsPortal/venv/lib/python3.9/site-packages/django/db/models/manager.py", line 85, in manager_method
    return getattr(self.get_queryset(), name)(*args, **kwargs)
  File "/home/sergey/SkillFactory/NewsPortal/venv/lib/python3.9/site-packages/django/db/models/query.py", line 650, in get
    raise self.model.DoesNotExist(
news.models.Author.DoesNotExist: Author matching query does not exist.
ERROR::2022-09-13 21:58:34,527::"GET / HTTP/1.1" 500 94161::/home/sergey/SkillFactory/NewsPortal/venv/lib/python3.9/site-packages/django/core/servers/basehttp.py::None
ERROR::2022-09-14 00:00:37,745::Internal Server Error: /::/home/sergey/SkillFactory/NewsPortal/venv/lib/python3.9/site-packages/django/utils/log.py::(<class 'pytz.exceptions.UnknownTimeZoneError'>, UnknownTimeZoneError(None), <traceback object at 0x7fe774e52880>)
Traceback (most recent call last):
  File "/home/sergey/SkillFactory/NewsPortal/venv/lib/python3.9/site-packages/django/core/handlers/exception.py", line 55, in inner
    response = get_response(request)
  File "/home/sergey/SkillFactory/NewsPortal/NewsPaper/news/middlewares.py", line 25, in __call__
    timezone.activate(pytz.timezone(tzname))
  File "/home/sergey/SkillFactory/NewsPortal/venv/lib/python3.9/site-packages/pytz/__init__.py", line 168, in timezone
    raise UnknownTimeZoneError(None)
pytz.exceptions.UnknownTimeZoneError: None
ERROR::2022-09-14 00:00:37,785::"GET / HTTP/1.1" 500 89576::/home/sergey/SkillFactory/NewsPortal/venv/lib/python3.9/site-packages/django/core/servers/basehttp.py::None
ERROR::2022-09-14 00:00:46,194::Internal Server Error: /::/home/sergey/SkillFactory/NewsPortal/venv/lib/python3.9/site-packages/django/utils/log.py::(<class 'pytz.exceptions.UnknownTimeZoneError'>, UnknownTimeZoneError(None), <traceback object at 0x7fe774eaeb80>)
Traceback (most recent call last):
  File "/home/sergey/SkillFactory/NewsPortal/venv/lib/python3.9/site-packages/django/core/handlers/exception.py", line 55, in inner
    response = get_response(request)
  File "/home/sergey/SkillFactory/NewsPortal/NewsPaper/news/middlewares.py", line 25, in __call__
    timezone.activate(pytz.timezone(tzname))
  File "/home/sergey/SkillFactory/NewsPortal/venv/lib/python3.9/site-packages/pytz/__init__.py", line 168, in timezone
    raise UnknownTimeZoneError(None)
pytz.exceptions.UnknownTimeZoneError: None
ERROR::2022-09-14 00:00:46,255::"GET / HTTP/1.1" 500 89576::/home/sergey/SkillFactory/NewsPortal/venv/lib/python3.9/site-packages/django/core/servers/basehttp.py::None
ERROR::2022-09-14 00:02:12,968::Internal Server Error: /::/home/sergey/SkillFactory/NewsPortal/venv/lib/python3.9/site-packages/django/utils/log.py::(<class 'pytz.exceptions.UnknownTimeZoneError'>, UnknownTimeZoneError(None), <traceback object at 0x7fe774d43e00>)
Traceback (most recent call last):
  File "/home/sergey/SkillFactory/NewsPortal/venv/lib/python3.9/site-packages/django/core/handlers/exception.py", line 55, in inner
    response = get_response(request)
  File "/home/sergey/SkillFactory/NewsPortal/NewsPaper/news/middlewares.py", line 25, in __call__
    timezone.activate(pytz.timezone(tzname))
  File "/home/sergey/SkillFactory/NewsPortal/venv/lib/python3.9/site-packages/pytz/__init__.py", line 168, in timezone
    raise UnknownTimeZoneError(None)
pytz.exceptions.UnknownTimeZoneError: None
ERROR::2022-09-14 00:02:13,005::"GET / HTTP/1.1" 500 89409::/home/sergey/SkillFactory/NewsPortal/venv/lib/python3.9/site-packages/django/core/servers/basehttp.py::None
ERROR::2022-09-14 00:26:57,415::Internal Server Error: /archive/2022/9/::/home/sergey/SkillFactory/NewsPortal/venv/lib/python3.9/site-packages/django/utils/log.py::(<class 'django.template.exceptions.TemplateSyntaxError'>, TemplateSyntaxError("Invalid block tag on line 10: 'get_current_timezone', expected 'endblock'. Did you forget to register or load this tag?"), <traceback object at 0x7f0dac84d580>)
Traceback (most recent call last):
  File "/home/sergey/SkillFactory/NewsPortal/venv/lib/python3.9/site-packages/django/template/base.py", line 505, in parse
    compile_func = self.tags[command]
KeyError: 'get_current_timezone'

During handling of the above exception, another exception occurred:

Traceback (most recent call last):
  File "/home/sergey/SkillFactory/NewsPortal/venv/lib/python3.9/site-packages/django/core/handlers/exception.py", line 55, in inner
    response = get_response(request)
  File "/home/sergey/SkillFactory/NewsPortal/venv/lib/python3.9/site-packages/django/core/handlers/base.py", line 220, in _get_response
    response = response.render()
  File "/home/sergey/SkillFactory/NewsPortal/venv/lib/python3.9/site-packages/django/template/response.py", line 114, in render
    self.content = self.rendered_content
  File "/home/sergey/SkillFactory/NewsPortal/venv/lib/python3.9/site-packages/django/template/response.py", line 90, in rendered_content
    template = self.resolve_template(self.template_name)
  File "/home/sergey/SkillFactory/NewsPortal/venv/lib/python3.9/site-packages/django/template/response.py", line 72, in resolve_template
    return select_template(template, using=self.using)
  File "/home/sergey/SkillFactory/NewsPortal/venv/lib/python3.9/site-packages/django/template/loader.py", line 42, in select_template
    return engine.get_template(template_name)
  File "/home/sergey/SkillFactory/NewsPortal/venv/lib/python3.9/site-packages/django/template/backends/django.py", line 34, in get_template
    return Template(self.engine.get_template(template_name), self)
  File "/home/sergey/SkillFactory/NewsPortal/venv/lib/python3.9/site-packages/django/template/engine.py", line 175, in get_template
    template, origin = self.find_template(template_name)
  File "/home/sergey/SkillFactory/NewsPortal/venv/lib/python3.9/site-packages/django/template/engine.py", line 157, in find_template
    template = loader.get_template(name, skip=skip)
  File "/home/sergey/SkillFactory/NewsPortal/venv/lib/python3.9/site-packages/django/template/loaders/cached.py", line 57, in get_template
    template = super().get_template(template_name, skip)
  File "/home/sergey/SkillFactory/NewsPortal/venv/lib/python3.9/site-packages/django/template/loaders/base.py", line 28, in get_template
    return Template(
  File "/home/sergey/SkillFactory/NewsPortal/venv/lib/python3.9/site-packages/django/template/base.py", line 154, in __init__
    self.nodelist = self.compile_nodelist()
  File "/home/sergey/SkillFactory/NewsPortal/venv/lib/python3.9/site-packages/django/template/base.py", line 200, in compile_nodelist
    return parser.parse()
  File "/home/sergey/SkillFactory/NewsPortal/venv/lib/python3.9/site-packages/django/template/base.py", line 513, in parse
    raise self.error(token, e)
  File "/home/sergey/SkillFactory/NewsPortal/venv/lib/python3.9/site-packages/django/template/base.py", line 511, in parse
    compiled_result = compile_func(self, token)
  File "/home/sergey/SkillFactory/NewsPortal/venv/lib/python3.9/site-packages/django/template/loader_tags.py", line 293, in do_extends
    nodelist = parser.parse()
  File "/home/sergey/SkillFactory/NewsPortal/venv/lib/python3.9/site-packages/django/template/base.py", line 513, in parse
    raise self.error(token, e)
  File "/home/sergey/SkillFactory/NewsPortal/venv/lib/python3.9/site-packages/django/template/base.py", line 511, in parse
    compiled_result = compile_func(self, token)
  File "/home/sergey/SkillFactory/NewsPortal/venv/lib/python3.9/site-packages/django/template/loader_tags.py", line 232, in do_block
    nodelist = parser.parse(("endblock",))
  File "/home/sergey/SkillFactory/NewsPortal/venv/lib/python3.9/site-packages/django/template/base.py", line 507, in parse
    self.invalid_block_tag(token, command, parse_until)
  File "/home/sergey/SkillFactory/NewsPortal/venv/lib/python3.9/site-packages/django/template/base.py", line 558, in invalid_block_tag
    raise self.error(
django.template.exceptions.TemplateSyntaxError: Invalid block tag on line 10: 'get_current_timezone', expected 'endblock'. Did you forget to register or load this tag?
ERROR::2022-09-14 00:26:57,531::"GET /archive/2022/9/ HTTP/1.1" 500 204870::/home/sergey/SkillFactory/NewsPortal/venv/lib/python3.9/site-packages/django/core/servers/basehttp.py::None
ERROR::2022-09-14 03:27:15,237::Internal Server Error: /api/posts/::/home/sergey/SkillFactory/NewsPortal/venv/lib/python3.9/site-packages/django/utils/log.py::(<class 'TypeError'>, TypeError("'int' object is not callable"), <traceback object at 0x7f5e3246bb40>)
Traceback (most recent call last):
  File "/home/sergey/SkillFactory/NewsPortal/venv/lib/python3.9/site-packages/django/core/handlers/exception.py", line 55, in inner
    response = get_response(request)
  File "/home/sergey/SkillFactory/NewsPortal/venv/lib/python3.9/site-packages/django/core/handlers/base.py", line 197, in _get_response
    response = wrapped_callback(request, *callback_args, **callback_kwargs)
  File "/home/sergey/SkillFactory/NewsPortal/venv/lib/python3.9/site-packages/django/views/decorators/csrf.py", line 54, in wrapped_view
    return view_func(*args, **kwargs)
  File "/home/sergey/SkillFactory/NewsPortal/venv/lib/python3.9/site-packages/rest_framework/viewsets.py", line 125, in view
    return self.dispatch(request, *args, **kwargs)
  File "/home/sergey/SkillFactory/NewsPortal/venv/lib/python3.9/site-packages/rest_framework/views.py", line 509, in dispatch
    response = self.handle_exception(exc)
  File "/home/sergey/SkillFactory/NewsPortal/venv/lib/python3.9/site-packages/rest_framework/views.py", line 469, in handle_exception
    self.raise_uncaught_exception(exc)
  File "/home/sergey/SkillFactory/NewsPortal/venv/lib/python3.9/site-packages/rest_framework/views.py", line 480, in raise_uncaught_exception
    raise exc
  File "/home/sergey/SkillFactory/NewsPortal/venv/lib/python3.9/site-packages/rest_framework/views.py", line 506, in dispatch
    response = handler(request, *args, **kwargs)
  File "/home/sergey/SkillFactory/NewsPortal/venv/lib/python3.9/site-packages/rest_framework/mixins.py", line 40, in list
    page = self.paginate_queryset(queryset)
  File "/home/sergey/SkillFactory/NewsPortal/venv/lib/python3.9/site-packages/rest_framework/generics.py", line 169, in paginate_queryset
    if self.paginator is None:
  File "/home/sergey/SkillFactory/NewsPortal/venv/lib/python3.9/site-packages/rest_framework/generics.py", line 162, in paginator
    self._paginator = self.pagination_class()
TypeError: 'int' object is not callable
ERROR::2022-09-14 03:27:15,555::"GET /api/posts/ HTTP/1.1" 500 133217::/home/sergey/SkillFactory/NewsPortal/venv/lib/python3.9/site-packages/django/core/servers/basehttp.py::None
ERROR::2022-09-14 16:52:38,046::You're accessing the development server over HTTPS, but it only supports HTTP.::/home/sergey/SkillFactory/NewsPortal/venv/lib/python3.9/site-packages/django/core/servers/basehttp.py::None
ERROR::2022-09-14 16:52:38,057::You're accessing the development server over HTTPS, but it only supports HTTP.::/home/sergey/SkillFactory/NewsPortal/venv/lib/python3.9/site-packages/django/core/servers/basehttp.py::None
ERROR::2022-09-14 16:52:42,712::You're accessing the development server over HTTPS, but it only supports HTTP.::/home/sergey/SkillFactory/NewsPortal/venv/lib/python3.9/site-packages/django/core/servers/basehttp.py::None
ERROR::2022-09-14 16:52:42,718::You're accessing the development server over HTTPS, but it only supports HTTP.::/home/sergey/SkillFactory/NewsPortal/venv/lib/python3.9/site-packages/django/core/servers/basehttp.py::None
ERROR::2022-09-14 16:52:44,363::You're accessing the development server over HTTPS, but it only supports HTTP.::/home/sergey/SkillFactory/NewsPortal/venv/lib/python3.9/site-packages/django/core/servers/basehttp.py::None
ERROR::2022-09-14 16:52:44,371::You're accessing the development server over HTTPS, but it only supports HTTP.::/home/sergey/SkillFactory/NewsPortal/venv/lib/python3.9/site-packages/django/core/servers/basehttp.py::None
ERROR::2022-09-14 16:52:45,042::You're accessing the development server over HTTPS, but it only supports HTTP.::/home/sergey/SkillFactory/NewsPortal/venv/lib/python3.9/site-packages/django/core/servers/basehttp.py::None
ERROR::2022-09-14 16:52:45,052::You're accessing the development server over HTTPS, but it only supports HTTP.::/home/sergey/SkillFactory/NewsPortal/venv/lib/python3.9/site-packages/django/core/servers/basehttp.py::None
ERROR::2022-09-14 16:52:45,533::You're accessing the development server over HTTPS, but it only supports HTTP.::/home/sergey/SkillFactory/NewsPortal/venv/lib/python3.9/site-packages/django/core/servers/basehttp.py::None
ERROR::2022-09-14 16:52:45,536::You're accessing the development server over HTTPS, but it only supports HTTP.::/home/sergey/SkillFactory/NewsPortal/venv/lib/python3.9/site-packages/django/core/servers/basehttp.py::None
ERROR::2022-09-14 17:43:19,016::Internal Server Error: /api/posts/::/home/sergey/SkillFactory/NewsPortal/venv/lib/python3.9/site-packages/django/utils/log.py::(<class 'django.db.utils.IntegrityError'>, IntegrityError('NOT NULL constraint failed: news_post.author_post_id'), <traceback object at 0x7f3ac966f080>)
Traceback (most recent call last):
  File "/home/sergey/SkillFactory/NewsPortal/venv/lib/python3.9/site-packages/django/db/backends/utils.py", line 89, in _execute
    return self.cursor.execute(sql, params)
  File "/home/sergey/SkillFactory/NewsPortal/venv/lib/python3.9/site-packages/django/db/backends/sqlite3/base.py", line 357, in execute
    return Database.Cursor.execute(self, query, params)
sqlite3.IntegrityError: NOT NULL constraint failed: news_post.author_post_id

The above exception was the direct cause of the following exception:

Traceback (most recent call last):
  File "/home/sergey/SkillFactory/NewsPortal/venv/lib/python3.9/site-packages/django/core/handlers/exception.py", line 55, in inner
    response = get_response(request)
  File "/home/sergey/SkillFactory/NewsPortal/venv/lib/python3.9/site-packages/django/core/handlers/base.py", line 197, in _get_response
    response = wrapped_callback(request, *callback_args, **callback_kwargs)
  File "/home/sergey/SkillFactory/NewsPortal/venv/lib/python3.9/site-packages/django/views/decorators/csrf.py", line 54, in wrapped_view
    return view_func(*args, **kwargs)
  File "/home/sergey/SkillFactory/NewsPortal/venv/lib/python3.9/site-packages/rest_framework/viewsets.py", line 125, in view
    return self.dispatch(request, *args, **kwargs)
  File "/home/sergey/SkillFactory/NewsPortal/venv/lib/python3.9/site-packages/rest_framework/views.py", line 509, in dispatch
    response = self.handle_exception(exc)
  File "/home/sergey/SkillFactory/NewsPortal/venv/lib/python3.9/site-packages/rest_framework/views.py", line 469, in handle_exception
    self.raise_uncaught_exception(exc)
  File "/home/sergey/SkillFactory/NewsPortal/venv/lib/python3.9/site-packages/rest_framework/views.py", line 480, in raise_uncaught_exception
    raise exc
  File "/home/sergey/SkillFactory/NewsPortal/venv/lib/python3.9/site-packages/rest_framework/views.py", line 506, in dispatch
    response = handler(request, *args, **kwargs)
  File "/home/sergey/SkillFactory/NewsPortal/venv/lib/python3.9/site-packages/rest_framework/mixins.py", line 19, in create
    self.perform_create(serializer)
  File "/home/sergey/SkillFactory/NewsPortal/venv/lib/python3.9/site-packages/rest_framework/mixins.py", line 24, in perform_create
    serializer.save()
  File "/home/sergey/SkillFactory/NewsPortal/venv/lib/python3.9/site-packages/rest_framework/serializers.py", line 212, in save
    self.instance = self.create(validated_data)
  File "/home/sergey/SkillFactory/NewsPortal/venv/lib/python3.9/site-packages/rest_framework/serializers.py", line 962, in create
    instance = ModelClass._default_manager.create(**validated_data)
  File "/home/sergey/SkillFactory/NewsPortal/venv/lib/python3.9/site-packages/django/db/models/manager.py", line 85, in manager_method
    return getattr(self.get_queryset(), name)(*args, **kwargs)
  File "/home/sergey/SkillFactory/NewsPortal/venv/lib/python3.9/site-packages/modeltranslation/manager.py", line 388, in create
    return super(MultilingualQuerySet, self).create(**kwargs)
  File "/home/sergey/SkillFactory/NewsPortal/venv/lib/python3.9/site-packages/django/db/models/query.py", line 671, in create
    obj.save(force_insert=True, using=self.db)
  File "/home/sergey/SkillFactory/NewsPortal/venv/lib/python3.9/site-packages/django/db/models/base.py", line 831, in save
    self.save_base(
  File "/home/sergey/SkillFactory/NewsPortal/venv/lib/python3.9/site-packages/django/db/models/base.py", line 882, in save_base
    updated = self._save_table(
  File "/home/sergey/SkillFactory/NewsPortal/venv/lib/python3.9/site-packages/django/db/models/base.py", line 1025, in _save_table
    results = self._do_insert(
  File "/home/sergey/SkillFactory/NewsPortal/venv/lib/python3.9/site-packages/django/db/models/base.py", line 1066, in _do_insert
    return manager._insert(
  File "/home/sergey/SkillFactory/NewsPortal/venv/lib/python3.9/site-packages/django/db/models/manager.py", line 85, in manager_method
    return getattr(self.get_queryset(), name)(*args, **kwargs)
  File "/home/sergey/SkillFactory/NewsPortal/venv/lib/python3.9/site-packages/django/db/models/query.py", line 1790, in _insert
    return query.get_compiler(using=using).execute_sql(returning_fields)
  File "/home/sergey/SkillFactory/NewsPortal/venv/lib/python3.9/site-packages/django/db/models/sql/compiler.py", line 1657, in execute_sql
    cursor.execute(sql, params)
  File "/home/sergey/SkillFactory/NewsPortal/venv/lib/python3.9/site-packages/debug_toolbar/panels/sql/tracking.py", line 230, in execute
    return self._record(self.cursor.execute, sql, params)
  File "/home/sergey/SkillFactory/NewsPortal/venv/lib/python3.9/site-packages/debug_toolbar/panels/sql/tracking.py", line 154, in _record
    return method(sql, params)
  File "/home/sergey/SkillFactory/NewsPortal/venv/lib/python3.9/site-packages/django/db/backends/utils.py", line 103, in execute
    return super().execute(sql, params)
  File "/home/sergey/SkillFactory/NewsPortal/venv/lib/python3.9/site-packages/django/db/backends/utils.py", line 67, in execute
    return self._execute_with_wrappers(
  File "/home/sergey/SkillFactory/NewsPortal/venv/lib/python3.9/site-packages/django/db/backends/utils.py", line 80, in _execute_with_wrappers
    return executor(sql, params, many, context)
  File "/home/sergey/SkillFactory/NewsPortal/venv/lib/python3.9/site-packages/django/db/backends/utils.py", line 89, in _execute
    return self.cursor.execute(sql, params)
  File "/home/sergey/SkillFactory/NewsPortal/venv/lib/python3.9/site-packages/django/db/utils.py", line 91, in __exit__
    raise dj_exc_value.with_traceback(traceback) from exc_value
  File "/home/sergey/SkillFactory/NewsPortal/venv/lib/python3.9/site-packages/django/db/backends/utils.py", line 89, in _execute
    return self.cursor.execute(sql, params)
  File "/home/sergey/SkillFactory/NewsPortal/venv/lib/python3.9/site-packages/django/db/backends/sqlite3/base.py", line 357, in execute
    return Database.Cursor.execute(self, query, params)
django.db.utils.IntegrityError: NOT NULL constraint failed: news_post.author_post_id
ERROR::2022-09-14 17:43:19,149::"POST /api/posts/ HTTP/1.1" 500 28401::/home/sergey/SkillFactory/NewsPortal/venv/lib/python3.9/site-packages/django/core/servers/basehttp.py::None
